-- Found ament_cmake: 1.3.11 (/opt/ros/humble/share/ament_cmake/cmake)
-- Found rosidl_default_generators: 1.2.0 (/opt/ros/humble/share/rosidl_default_generators/cmake)
-- Using all available rosidl_typesupport_c: rosidl_typesupport_fastrtps_c;rosidl_typesupport_introspection_c
-- Found rosidl_adapter: 3.1.6 (/opt/ros/humble/share/rosidl_adapter/cmake)
-- Using all available rosidl_typesupport_cpp: rosidl_typesupport_fastrtps_cpp;rosidl_typesupport_introspection_cpp
-- Found ament_cmake_ros: 0.10.0 (/opt/ros/humble/share/ament_cmake_ros/cmake)
-- Using all available rosidl_typesupport_c: rosidl_typesupport_fastrtps_c;rosidl_typesupport_introspection_c
-- Using all available rosidl_typesupport_cpp: rosidl_typesupport_fastrtps_cpp;rosidl_typesupport_introspection_cpp
-- Found python_cmake_module: 0.10.0 (/opt/ros/humble/share/python_cmake_module/cmake)
-- Using PYTHON_EXECUTABLE: /usr/bin/python3
-- Using PYTHON_INCLUDE_DIRS: /usr/include/python3.10
-- Using PYTHON_LIBRARIES: /usr/lib/x86_64-linux-gnu/libpython3.10.so
-- Found ament_lint_auto: 0.12.11 (/opt/ros/humble/share/ament_lint_auto/cmake)
-- Added test 'lint_cmake' to check CMake code style
-- Added test 'xmllint' to check XML markup files
-- Configuring done
-- Generating done
-- Build files have been written to: /home/hesham/hexapod_ws/build/hexabot_msgs
[  3%] [34m[1mGenerating C code for ROS interfaces[0m
[  6%] [34m[1mGenerating C++ code for ROS interfaces[0m
[  6%] Built target ament_cmake_python_copy_hexabot_msgs
[  6%] Built target hexabot_msgs__cpp
[  9%] [32mBuilding C object CMakeFiles/hexabot_msgs__rosidl_generator_c.dir/rosidl_generator_c/hexabot_msgs/msg/detail/actuator_positions__functions.c.o[0m
[ 12%] [34m[1mGenerating C++ type support for eProsima Fast-RTPS[0m
[ 16%] [34m[1mGenerating C++ introspection for ROS interfaces[0m
[ 19%] [34m[1mGenerating C++ type support dispatch for ROS interfaces[0m
running egg_info
creating hexabot_msgs.egg-info
writing hexabot_msgs.egg-info/PKG-INFO
writing dependency_links to hexabot_msgs.egg-info/dependency_links.txt
writing top-level names to hexabot_msgs.egg-info/top_level.txt
writing manifest file 'hexabot_msgs.egg-info/SOURCES.txt'
reading manifest file 'hexabot_msgs.egg-info/SOURCES.txt'
writing manifest file 'hexabot_msgs.egg-info/SOURCES.txt'
[ 19%] Built target ament_cmake_python_build_hexabot_msgs_egg
[ 22%] [32m[1mLinking C shared library libhexabot_msgs__rosidl_generator_c.so[0m
[ 22%] Built target hexabot_msgs__rosidl_generator_c
[ 25%] [34m[1mGenerating C type support for eProsima Fast-RTPS[0m
[ 29%] [34m[1mGenerating C introspection for ROS interfaces[0m
[ 32%] [34m[1mGenerating C type support dispatch for ROS interfaces[0m
[ 35%] [32mBuilding CXX object CMakeFiles/hexabot_msgs__rosidl_typesupport_fastrtps_cpp.dir/rosidl_typesupport_fastrtps_cpp/hexabot_msgs/msg/detail/dds_fastrtps/actuator_positions__type_support.cpp.o[0m
[ 38%] [32mBuilding CXX object CMakeFiles/hexabot_msgs__rosidl_typesupport_introspection_cpp.dir/rosidl_typesupport_introspection_cpp/hexabot_msgs/msg/detail/actuator_positions__type_support.cpp.o[0m
[ 41%] [32mBuilding CXX object CMakeFiles/hexabot_msgs__rosidl_typesupport_cpp.dir/rosidl_typesupport_cpp/hexabot_msgs/msg/actuator_positions__type_support.cpp.o[0m
[ 45%] [32mBuilding C object CMakeFiles/hexabot_msgs__rosidl_typesupport_introspection_c.dir/rosidl_typesupport_introspection_c/hexabot_msgs/msg/detail/actuator_positions__type_support.c.o[0m
[ 48%] [32m[1mLinking C shared library libhexabot_msgs__rosidl_typesupport_introspection_c.so[0m
[ 51%] [32mBuilding CXX object CMakeFiles/hexabot_msgs__rosidl_typesupport_c.dir/rosidl_typesupport_c/hexabot_msgs/msg/actuator_positions__type_support.cpp.o[0m
[ 54%] [32mBuilding CXX object CMakeFiles/hexabot_msgs__rosidl_typesupport_fastrtps_c.dir/rosidl_typesupport_fastrtps_c/hexabot_msgs/msg/detail/actuator_positions__type_support_c.cpp.o[0m
[ 54%] Built target hexabot_msgs__rosidl_typesupport_introspection_c
[ 58%] [32m[1mLinking CXX shared library libhexabot_msgs__rosidl_typesupport_c.so[0m
[ 58%] Built target hexabot_msgs__rosidl_typesupport_c
[ 61%] [32m[1mLinking CXX shared library libhexabot_msgs__rosidl_typesupport_cpp.so[0m
[ 61%] Built target hexabot_msgs__rosidl_typesupport_cpp
[ 64%] [32m[1mLinking CXX shared library libhexabot_msgs__rosidl_typesupport_introspection_cpp.so[0m
[ 67%] [32m[1mLinking CXX shared library libhexabot_msgs__rosidl_typesupport_fastrtps_cpp.so[0m
[ 67%] Built target hexabot_msgs__rosidl_typesupport_introspection_cpp
[ 70%] [32m[1mLinking CXX shared library libhexabot_msgs__rosidl_typesupport_fastrtps_c.so[0m
[ 70%] Built target hexabot_msgs__rosidl_typesupport_fastrtps_cpp
[ 70%] Built target hexabot_msgs__rosidl_typesupport_fastrtps_c
[ 70%] Built target hexabot_msgs
[ 74%] [34m[1mGenerating Python code for ROS interfaces[0m
[ 74%] Built target hexabot_msgs__py
[ 77%] [32mBuilding C object CMakeFiles/hexabot_msgs__rosidl_generator_py.dir/rosidl_generator_py/hexabot_msgs/msg/_actuator_positions_s.c.o[0m
[ 80%] [32m[1mLinking C shared library rosidl_generator_py/hexabot_msgs/libhexabot_msgs__rosidl_generator_py.so[0m
[ 80%] Built target hexabot_msgs__rosidl_generator_py
[ 90%] [32mBuilding C object CMakeFiles/hexabot_msgs__rosidl_typesupport_fastrtps_c__pyext.dir/rosidl_generator_py/hexabot_msgs/_hexabot_msgs_s.ep.rosidl_typesupport_fastrtps_c.c.o[0m
[ 90%] [32mBuilding C object CMakeFiles/hexabot_msgs__rosidl_typesupport_c__pyext.dir/rosidl_generator_py/hexabot_msgs/_hexabot_msgs_s.ep.rosidl_typesupport_c.c.o[0m
[ 90%] [32mBuilding C object CMakeFiles/hexabot_msgs__rosidl_typesupport_introspection_c__pyext.dir/rosidl_generator_py/hexabot_msgs/_hexabot_msgs_s.ep.rosidl_typesupport_introspection_c.c.o[0m
[ 93%] [32m[1mLinking C shared library rosidl_generator_py/hexabot_msgs/hexabot_msgs_s__rosidl_typesupport_c.cpython-310-x86_64-linux-gnu.so[0m
[ 96%] [32m[1mLinking C shared library rosidl_generator_py/hexabot_msgs/hexabot_msgs_s__rosidl_typesupport_introspection_c.cpython-310-x86_64-linux-gnu.so[0m
[100%] [32m[1mLinking C shared library rosidl_generator_py/hexabot_msgs/hexabot_msgs_s__rosidl_typesupport_fastrtps_c.cpython-310-x86_64-linux-gnu.so[0m
[100%] Built target hexabot_msgs__rosidl_typesupport_c__pyext
[100%] Built target hexabot_msgs__rosidl_typesupport_introspection_c__pyext
[100%] Built target hexabot_msgs__rosidl_typesupport_fastrtps_c__pyext
-- Install configuration: ""
-- Installing: /home/hesham/hexapod_ws/install/hexabot_msgs/share/ament_index/resource_index/rosidl_interfaces/hexabot_msgs
-- Installing: /home/hesham/hexapod_ws/install/hexabot_msgs/include/hexabot_msgs/hexabot_msgs
-- Installing: /home/hesham/hexapod_ws/install/hexabot_msgs/include/hexabot_msgs/hexabot_msgs/msg
-- Installing: /home/hesham/hexapod_ws/install/hexabot_msgs/include/hexabot_msgs/hexabot_msgs/msg/detail
-- Installing: /home/hesham/hexapod_ws/install/hexabot_msgs/include/hexabot_msgs/hexabot_msgs/msg/detail/actuator_positions__functions.c
-- Installing: /home/hesham/hexapod_ws/install/hexabot_msgs/include/hexabot_msgs/hexabot_msgs/msg/detail/actuator_positions__type_support.h
-- Installing: /home/hesham/hexapod_ws/install/hexabot_msgs/include/hexabot_msgs/hexabot_msgs/msg/detail/actuator_positions__struct.h
-- Installing: /home/hesham/hexapod_ws/install/hexabot_msgs/include/hexabot_msgs/hexabot_msgs/msg/detail/actuator_positions__functions.h
-- Installing: /home/hesham/hexapod_ws/install/hexabot_msgs/include/hexabot_msgs/hexabot_msgs/msg/rosidl_generator_c__visibility_control.h
-- Installing: /home/hesham/hexapod_ws/install/hexabot_msgs/include/hexabot_msgs/hexabot_msgs/msg/actuator_positions.h
-- Installing: /home/hesham/hexapod_ws/install/hexabot_msgs/share/hexabot_msgs/environment/library_path.sh
-- Installing: /home/hesham/hexapod_ws/install/hexabot_msgs/share/hexabot_msgs/environment/library_path.dsv
-- Installing: /home/hesham/hexapod_ws/install/hexabot_msgs/lib/libhexabot_msgs__rosidl_generator_c.so
-- Set runtime path of "/home/hesham/hexapod_ws/install/hexabot_msgs/lib/libhexabot_msgs__rosidl_generator_c.so" to ""
-- Up-to-date: /home/hesham/hexapod_ws/install/hexabot_msgs/include/hexabot_msgs/hexabot_msgs
-- Up-to-date: /home/hesham/hexapod_ws/install/hexabot_msgs/include/hexabot_msgs/hexabot_msgs/msg
-- Up-to-date: /home/hesham/hexapod_ws/install/hexabot_msgs/include/hexabot_msgs/hexabot_msgs/msg/detail
-- Installing: /home/hesham/hexapod_ws/install/hexabot_msgs/include/hexabot_msgs/hexabot_msgs/msg/detail/actuator_positions__rosidl_typesupport_fastrtps_c.h
-- Installing: /home/hesham/hexapod_ws/install/hexabot_msgs/include/hexabot_msgs/hexabot_msgs/msg/rosidl_typesupport_fastrtps_c__visibility_control.h
-- Installing: /home/hesham/hexapod_ws/install/hexabot_msgs/lib/libhexabot_msgs__rosidl_typesupport_fastrtps_c.so
-- Set runtime path of "/home/hesham/hexapod_ws/install/hexabot_msgs/lib/libhexabot_msgs__rosidl_typesupport_fastrtps_c.so" to ""
-- Up-to-date: /home/hesham/hexapod_ws/install/hexabot_msgs/include/hexabot_msgs/hexabot_msgs
-- Up-to-date: /home/hesham/hexapod_ws/install/hexabot_msgs/include/hexabot_msgs/hexabot_msgs/msg
-- Up-to-date: /home/hesham/hexapod_ws/install/hexabot_msgs/include/hexabot_msgs/hexabot_msgs/msg/detail
-- Installing: /home/hesham/hexapod_ws/install/hexabot_msgs/include/hexabot_msgs/hexabot_msgs/msg/detail/actuator_positions__rosidl_typesupport_introspection_c.h
-- Installing: /home/hesham/hexapod_ws/install/hexabot_msgs/include/hexabot_msgs/hexabot_msgs/msg/detail/actuator_positions__type_support.c
-- Installing: /home/hesham/hexapod_ws/install/hexabot_msgs/include/hexabot_msgs/hexabot_msgs/msg/rosidl_typesupport_introspection_c__visibility_control.h
-- Installing: /home/hesham/hexapod_ws/install/hexabot_msgs/lib/libhexabot_msgs__rosidl_typesupport_introspection_c.so
-- Set runtime path of "/home/hesham/hexapod_ws/install/hexabot_msgs/lib/libhexabot_msgs__rosidl_typesupport_introspection_c.so" to ""
-- Installing: /home/hesham/hexapod_ws/install/hexabot_msgs/lib/libhexabot_msgs__rosidl_typesupport_c.so
-- Set runtime path of "/home/hesham/hexapod_ws/install/hexabot_msgs/lib/libhexabot_msgs__rosidl_typesupport_c.so" to ""
-- Up-to-date: /home/hesham/hexapod_ws/install/hexabot_msgs/include/hexabot_msgs/hexabot_msgs
-- Up-to-date: /home/hesham/hexapod_ws/install/hexabot_msgs/include/hexabot_msgs/hexabot_msgs/msg
-- Up-to-date: /home/hesham/hexapod_ws/install/hexabot_msgs/include/hexabot_msgs/hexabot_msgs/msg/detail
-- Installing: /home/hesham/hexapod_ws/install/hexabot_msgs/include/hexabot_msgs/hexabot_msgs/msg/detail/actuator_positions__builder.hpp
-- Installing: /home/hesham/hexapod_ws/install/hexabot_msgs/include/hexabot_msgs/hexabot_msgs/msg/detail/actuator_positions__type_support.hpp
-- Installing: /home/hesham/hexapod_ws/install/hexabot_msgs/include/hexabot_msgs/hexabot_msgs/msg/detail/actuator_positions__traits.hpp
-- Installing: /home/hesham/hexapod_ws/install/hexabot_msgs/include/hexabot_msgs/hexabot_msgs/msg/detail/actuator_positions__struct.hpp
-- Installing: /home/hesham/hexapod_ws/install/hexabot_msgs/include/hexabot_msgs/hexabot_msgs/msg/actuator_positions.hpp
-- Installing: /home/hesham/hexapod_ws/install/hexabot_msgs/include/hexabot_msgs/hexabot_msgs/msg/rosidl_generator_cpp__visibility_control.hpp
-- Up-to-date: /home/hesham/hexapod_ws/install/hexabot_msgs/include/hexabot_msgs/hexabot_msgs
-- Up-to-date: /home/hesham/hexapod_ws/install/hexabot_msgs/include/hexabot_msgs/hexabot_msgs/msg
-- Up-to-date: /home/hesham/hexapod_ws/install/hexabot_msgs/include/hexabot_msgs/hexabot_msgs/msg/detail
-- Installing: /home/hesham/hexapod_ws/install/hexabot_msgs/include/hexabot_msgs/hexabot_msgs/msg/detail/actuator_positions__rosidl_typesupport_fastrtps_cpp.hpp
-- Installing: /home/hesham/hexapod_ws/install/hexabot_msgs/include/hexabot_msgs/hexabot_msgs/msg/detail/dds_fastrtps
-- Installing: /home/hesham/hexapod_ws/install/hexabot_msgs/include/hexabot_msgs/hexabot_msgs/msg/rosidl_typesupport_fastrtps_cpp__visibility_control.h
-- Installing: /home/hesham/hexapod_ws/install/hexabot_msgs/lib/libhexabot_msgs__rosidl_typesupport_fastrtps_cpp.so
-- Set runtime path of "/home/hesham/hexapod_ws/install/hexabot_msgs/lib/libhexabot_msgs__rosidl_typesupport_fastrtps_cpp.so" to ""
-- Up-to-date: /home/hesham/hexapod_ws/install/hexabot_msgs/include/hexabot_msgs/hexabot_msgs
-- Up-to-date: /home/hesham/hexapod_ws/install/hexabot_msgs/include/hexabot_msgs/hexabot_msgs/msg
-- Up-to-date: /home/hesham/hexapod_ws/install/hexabot_msgs/include/hexabot_msgs/hexabot_msgs/msg/detail
-- Installing: /home/hesham/hexapod_ws/install/hexabot_msgs/include/hexabot_msgs/hexabot_msgs/msg/detail/actuator_positions__rosidl_typesupport_introspection_cpp.hpp
-- Installing: /home/hesham/hexapod_ws/install/hexabot_msgs/include/hexabot_msgs/hexabot_msgs/msg/detail/actuator_positions__type_support.cpp
-- Installing: /home/hesham/hexapod_ws/install/hexabot_msgs/lib/libhexabot_msgs__rosidl_typesupport_introspection_cpp.so
-- Set runtime path of "/home/hesham/hexapod_ws/install/hexabot_msgs/lib/libhexabot_msgs__rosidl_typesupport_introspection_cpp.so" to ""
-- Installing: /home/hesham/hexapod_ws/install/hexabot_msgs/lib/libhexabot_msgs__rosidl_typesupport_cpp.so
-- Set runtime path of "/home/hesham/hexapod_ws/install/hexabot_msgs/lib/libhexabot_msgs__rosidl_typesupport_cpp.so" to ""
-- Installing: /home/hesham/hexapod_ws/install/hexabot_msgs/share/hexabot_msgs/environment/pythonpath.sh
-- Installing: /home/hesham/hexapod_ws/install/hexabot_msgs/share/hexabot_msgs/environment/pythonpath.dsv
-- Installing: /home/hesham/hexapod_ws/install/hexabot_msgs/local/lib/python3.10/dist-packages/hexabot_msgs-0.0.0-py3.10.egg-info
-- Installing: /home/hesham/hexapod_ws/install/hexabot_msgs/local/lib/python3.10/dist-packages/hexabot_msgs-0.0.0-py3.10.egg-info/PKG-INFO
-- Installing: /home/hesham/hexapod_ws/install/hexabot_msgs/local/lib/python3.10/dist-packages/hexabot_msgs-0.0.0-py3.10.egg-info/SOURCES.txt
-- Installing: /home/hesham/hexapod_ws/install/hexabot_msgs/local/lib/python3.10/dist-packages/hexabot_msgs-0.0.0-py3.10.egg-info/top_level.txt
-- Installing: /home/hesham/hexapod_ws/install/hexabot_msgs/local/lib/python3.10/dist-packages/hexabot_msgs-0.0.0-py3.10.egg-info/dependency_links.txt
-- Installing: /home/hesham/hexapod_ws/install/hexabot_msgs/local/lib/python3.10/dist-packages/hexabot_msgs
-- Installing: /home/hesham/hexapod_ws/install/hexabot_msgs/local/lib/python3.10/dist-packages/hexabot_msgs/_hexabot_msgs_s.ep.rosidl_typesupport_c.c
-- Installing: /home/hesham/hexapod_ws/install/hexabot_msgs/local/lib/python3.10/dist-packages/hexabot_msgs/hexabot_msgs_s__rosidl_typesupport_introspection_c.cpython-310-x86_64-linux-gnu.so
-- Installing: /home/hesham/hexapod_ws/install/hexabot_msgs/local/lib/python3.10/dist-packages/hexabot_msgs/_hexabot_msgs_s.ep.rosidl_typesupport_introspection_c.c
-- Installing: /home/hesham/hexapod_ws/install/hexabot_msgs/local/lib/python3.10/dist-packages/hexabot_msgs/hexabot_msgs_s__rosidl_typesupport_c.cpython-310-x86_64-linux-gnu.so
-- Installing: /home/hesham/hexapod_ws/install/hexabot_msgs/local/lib/python3.10/dist-packages/hexabot_msgs/_hexabot_msgs_s.ep.rosidl_typesupport_fastrtps_c.c
-- Installing: /home/hesham/hexapod_ws/install/hexabot_msgs/local/lib/python3.10/dist-packages/hexabot_msgs/libhexabot_msgs__rosidl_generator_py.so
-- Installing: /home/hesham/hexapod_ws/install/hexabot_msgs/local/lib/python3.10/dist-packages/hexabot_msgs/__init__.py
-- Installing: /home/hesham/hexapod_ws/install/hexabot_msgs/local/lib/python3.10/dist-packages/hexabot_msgs/msg
-- Installing: /home/hesham/hexapod_ws/install/hexabot_msgs/local/lib/python3.10/dist-packages/hexabot_msgs/msg/_actuator_positions_s.c
-- Installing: /home/hesham/hexapod_ws/install/hexabot_msgs/local/lib/python3.10/dist-packages/hexabot_msgs/msg/__init__.py
-- Installing: /home/hesham/hexapod_ws/install/hexabot_msgs/local/lib/python3.10/dist-packages/hexabot_msgs/msg/_actuator_positions.py
-- Installing: /home/hesham/hexapod_ws/install/hexabot_msgs/local/lib/python3.10/dist-packages/hexabot_msgs/hexabot_msgs_s__rosidl_typesupport_fastrtps_c.cpython-310-x86_64-linux-gnu.so
Listing '/home/hesham/hexapod_ws/install/hexabot_msgs/local/lib/python3.10/dist-packages/hexabot_msgs'...
Compiling '/home/hesham/hexapod_ws/install/hexabot_msgs/local/lib/python3.10/dist-packages/hexabot_msgs/__init__.py'...
Listing '/home/hesham/hexapod_ws/install/hexabot_msgs/local/lib/python3.10/dist-packages/hexabot_msgs/msg'...
Compiling '/home/hesham/hexapod_ws/install/hexabot_msgs/local/lib/python3.10/dist-packages/hexabot_msgs/msg/__init__.py'...
Compiling '/home/hesham/hexapod_ws/install/hexabot_msgs/local/lib/python3.10/dist-packages/hexabot_msgs/msg/_actuator_positions.py'...
-- Installing: /home/hesham/hexapod_ws/install/hexabot_msgs/local/lib/python3.10/dist-packages/hexabot_msgs/hexabot_msgs_s__rosidl_typesupport_fastrtps_c.cpython-310-x86_64-linux-gnu.so
-- Set runtime path of "/home/hesham/hexapod_ws/install/hexabot_msgs/local/lib/python3.10/dist-packages/hexabot_msgs/hexabot_msgs_s__rosidl_typesupport_fastrtps_c.cpython-310-x86_64-linux-gnu.so" to ""
-- Installing: /home/hesham/hexapod_ws/install/hexabot_msgs/local/lib/python3.10/dist-packages/hexabot_msgs/hexabot_msgs_s__rosidl_typesupport_introspection_c.cpython-310-x86_64-linux-gnu.so
-- Set runtime path of "/home/hesham/hexapod_ws/install/hexabot_msgs/local/lib/python3.10/dist-packages/hexabot_msgs/hexabot_msgs_s__rosidl_typesupport_introspection_c.cpython-310-x86_64-linux-gnu.so" to ""
-- Installing: /home/hesham/hexapod_ws/install/hexabot_msgs/local/lib/python3.10/dist-packages/hexabot_msgs/hexabot_msgs_s__rosidl_typesupport_c.cpython-310-x86_64-linux-gnu.so
-- Set runtime path of "/home/hesham/hexapod_ws/install/hexabot_msgs/local/lib/python3.10/dist-packages/hexabot_msgs/hexabot_msgs_s__rosidl_typesupport_c.cpython-310-x86_64-linux-gnu.so" to ""
-- Installing: /home/hesham/hexapod_ws/install/hexabot_msgs/lib/libhexabot_msgs__rosidl_generator_py.so
-- Set runtime path of "/home/hesham/hexapod_ws/install/hexabot_msgs/lib/libhexabot_msgs__rosidl_generator_py.so" to ""
-- Installing: /home/hesham/hexapod_ws/install/hexabot_msgs/share/hexabot_msgs/msg/ActuatorPositions.idl
-- Installing: /home/hesham/hexapod_ws/install/hexabot_msgs/share/hexabot_msgs/msg/ActuatorPositions.msg
-- Installing: /home/hesham/hexapod_ws/install/hexabot_msgs/share/ament_index/resource_index/package_run_dependencies/hexabot_msgs
-- Installing: /home/hesham/hexapod_ws/install/hexabot_msgs/share/ament_index/resource_index/parent_prefix_path/hexabot_msgs
-- Installing: /home/hesham/hexapod_ws/install/hexabot_msgs/share/hexabot_msgs/environment/ament_prefix_path.sh
-- Installing: /home/hesham/hexapod_ws/install/hexabot_msgs/share/hexabot_msgs/environment/ament_prefix_path.dsv
-- Installing: /home/hesham/hexapod_ws/install/hexabot_msgs/share/hexabot_msgs/environment/path.sh
-- Installing: /home/hesham/hexapod_ws/install/hexabot_msgs/share/hexabot_msgs/environment/path.dsv
-- Installing: /home/hesham/hexapod_ws/install/hexabot_msgs/share/hexabot_msgs/local_setup.bash
-- Installing: /home/hesham/hexapod_ws/install/hexabot_msgs/share/hexabot_msgs/local_setup.sh
-- Installing: /home/hesham/hexapod_ws/install/hexabot_msgs/share/hexabot_msgs/local_setup.zsh
-- Installing: /home/hesham/hexapod_ws/install/hexabot_msgs/share/hexabot_msgs/local_setup.dsv
-- Installing: /home/hesham/hexapod_ws/install/hexabot_msgs/share/hexabot_msgs/package.dsv
-- Installing: /home/hesham/hexapod_ws/install/hexabot_msgs/share/ament_index/resource_index/packages/hexabot_msgs
-- Installing: /home/hesham/hexapod_ws/install/hexabot_msgs/share/hexabot_msgs/cmake/export_hexabot_msgs__rosidl_generator_cExport.cmake
-- Installing: /home/hesham/hexapod_ws/install/hexabot_msgs/share/hexabot_msgs/cmake/export_hexabot_msgs__rosidl_generator_cExport-noconfig.cmake
-- Installing: /home/hesham/hexapod_ws/install/hexabot_msgs/share/hexabot_msgs/cmake/export_hexabot_msgs__rosidl_typesupport_fastrtps_cExport.cmake
-- Installing: /home/hesham/hexapod_ws/install/hexabot_msgs/share/hexabot_msgs/cmake/export_hexabot_msgs__rosidl_typesupport_fastrtps_cExport-noconfig.cmake
-- Installing: /home/hesham/hexapod_ws/install/hexabot_msgs/share/hexabot_msgs/cmake/hexabot_msgs__rosidl_typesupport_introspection_cExport.cmake
-- Installing: /home/hesham/hexapod_ws/install/hexabot_msgs/share/hexabot_msgs/cmake/hexabot_msgs__rosidl_typesupport_introspection_cExport-noconfig.cmake
-- Installing: /home/hesham/hexapod_ws/install/hexabot_msgs/share/hexabot_msgs/cmake/hexabot_msgs__rosidl_typesupport_cExport.cmake
-- Installing: /home/hesham/hexapod_ws/install/hexabot_msgs/share/hexabot_msgs/cmake/hexabot_msgs__rosidl_typesupport_cExport-noconfig.cmake
-- Installing: /home/hesham/hexapod_ws/install/hexabot_msgs/share/hexabot_msgs/cmake/export_hexabot_msgs__rosidl_generator_cppExport.cmake
-- Installing: /home/hesham/hexapod_ws/install/hexabot_msgs/share/hexabot_msgs/cmake/export_hexabot_msgs__rosidl_typesupport_fastrtps_cppExport.cmake
-- Installing: /home/hesham/hexapod_ws/install/hexabot_msgs/share/hexabot_msgs/cmake/export_hexabot_msgs__rosidl_typesupport_fastrtps_cppExport-noconfig.cmake
-- Installing: /home/hesham/hexapod_ws/install/hexabot_msgs/share/hexabot_msgs/cmake/hexabot_msgs__rosidl_typesupport_introspection_cppExport.cmake
-- Installing: /home/hesham/hexapod_ws/install/hexabot_msgs/share/hexabot_msgs/cmake/hexabot_msgs__rosidl_typesupport_introspection_cppExport-noconfig.cmake
-- Installing: /home/hesham/hexapod_ws/install/hexabot_msgs/share/hexabot_msgs/cmake/hexabot_msgs__rosidl_typesupport_cppExport.cmake
-- Installing: /home/hesham/hexapod_ws/install/hexabot_msgs/share/hexabot_msgs/cmake/hexabot_msgs__rosidl_typesupport_cppExport-noconfig.cmake
-- Installing: /home/hesham/hexapod_ws/install/hexabot_msgs/share/hexabot_msgs/cmake/export_hexabot_msgs__rosidl_generator_pyExport.cmake
-- Installing: /home/hesham/hexapod_ws/install/hexabot_msgs/share/hexabot_msgs/cmake/export_hexabot_msgs__rosidl_generator_pyExport-noconfig.cmake
-- Installing: /home/hesham/hexapod_ws/install/hexabot_msgs/share/hexabot_msgs/cmake/rosidl_cmake-extras.cmake
-- Installing: /home/hesham/hexapod_ws/install/hexabot_msgs/share/hexabot_msgs/cmake/ament_cmake_export_include_directories-extras.cmake
-- Installing: /home/hesham/hexapod_ws/install/hexabot_msgs/share/hexabot_msgs/cmake/ament_cmake_export_libraries-extras.cmake
-- Installing: /home/hesham/hexapod_ws/install/hexabot_msgs/share/hexabot_msgs/cmake/ament_cmake_export_targets-extras.cmake
-- Installing: /home/hesham/hexapod_ws/install/hexabot_msgs/share/hexabot_msgs/cmake/rosidl_cmake_export_typesupport_targets-extras.cmake
-- Installing: /home/hesham/hexapod_ws/install/hexabot_msgs/share/hexabot_msgs/cmake/ament_cmake_export_dependencies-extras.cmake
-- Installing: /home/hesham/hexapod_ws/install/hexabot_msgs/share/hexabot_msgs/cmake/rosidl_cmake_export_typesupport_libraries-extras.cmake
-- Installing: /home/hesham/hexapod_ws/install/hexabot_msgs/share/hexabot_msgs/cmake/hexabot_msgsConfig.cmake
-- Installing: /home/hesham/hexapod_ws/install/hexabot_msgs/share/hexabot_msgs/cmake/hexabot_msgsConfig-version.cmake
-- Installing: /home/hesham/hexapod_ws/install/hexabot_msgs/share/hexabot_msgs/package.xml
