[0.008s] Invoking command in '/home/hesham/hexapod_ws/build/hexabot_msgs': CMAKE_PREFIX_PATH=${CMAKE_PREFIX_PATH}:/opt/ros/humble /usr/bin/cmake /home/hesham/hexapod_ws/src/hexabot_msgs -DCMAKE_INSTALL_PREFIX=/home/hesham/hexapod_ws/install/hexabot_msgs
[0.022s] -- Found ament_cmake: 1.3.11 (/opt/ros/humble/share/ament_cmake/cmake)
[0.138s] -- Found rosidl_default_generators: 1.2.0 (/opt/ros/humble/share/rosidl_default_generators/cmake)
[0.139s] -- Using all available rosidl_typesupport_c: rosidl_typesupport_fastrtps_c;rosidl_typesupport_introspection_c
[0.142s] -- Found rosidl_adapter: 3.1.6 (/opt/ros/humble/share/rosidl_adapter/cmake)
[0.169s] -- Using all available rosidl_typesupport_cpp: rosidl_typesupport_fastrtps_cpp;rosidl_typesupport_introspection_cpp
[0.411s] -- Found ament_cmake_ros: 0.10.0 (/opt/ros/humble/share/ament_cmake_ros/cmake)
[0.574s] -- Using all available rosidl_typesupport_c: rosidl_typesupport_fastrtps_c;rosidl_typesupport_introspection_c
[0.788s] -- Using all available rosidl_typesupport_cpp: rosidl_typesupport_fastrtps_cpp;rosidl_typesupport_introspection_cpp
[0.809s] -- Found python_cmake_module: 0.10.0 (/opt/ros/humble/share/python_cmake_module/cmake)
[0.829s] -- Using PYTHON_EXECUTABLE: /usr/bin/python3
[0.830s] -- Using PYTHON_INCLUDE_DIRS: /usr/include/python3.10
[0.830s] -- Using PYTHON_LIBRARIES: /usr/lib/x86_64-linux-gnu/libpython3.10.so
[0.839s] -- Found ament_lint_auto: 0.12.11 (/opt/ros/humble/share/ament_lint_auto/cmake)
[0.848s] -- Added test 'lint_cmake' to check CMake code style
[0.849s] -- Added test 'xmllint' to check XML markup files
[0.851s] -- Configuring done
[0.877s] -- Generating done
[0.886s] -- Build files have been written to: /home/hesham/hexapod_ws/build/hexabot_msgs
[0.891s] Invoked command in '/home/hesham/hexapod_ws/build/hexabot_msgs' returned '0': CMAKE_PREFIX_PATH=${CMAKE_PREFIX_PATH}:/opt/ros/humble /usr/bin/cmake /home/hesham/hexapod_ws/src/hexabot_msgs -DCMAKE_INSTALL_PREFIX=/home/hesham/hexapod_ws/install/hexabot_msgs
[0.893s] Invoking command in '/home/hesham/hexapod_ws/build/hexabot_msgs': CMAKE_PREFIX_PATH=${CMAKE_PREFIX_PATH}:/opt/ros/humble /usr/bin/cmake --build /home/hesham/hexapod_ws/build/hexabot_msgs -- -j8 -l8
[0.932s] [  3%] [34m[1mGenerating C code for ROS interfaces[0m
[0.942s] [  6%] [34m[1mGenerating C++ code for ROS interfaces[0m
[0.951s] [  6%] Built target ament_cmake_python_copy_hexabot_msgs
[1.182s] [  6%] Built target hexabot_msgs__cpp
[1.183s] [  9%] [32mBuilding C object CMakeFiles/hexabot_msgs__rosidl_generator_c.dir/rosidl_generator_c/hexabot_msgs/msg/detail/actuator_positions__functions.c.o[0m
[1.192s] [ 12%] [34m[1mGenerating C++ type support for eProsima Fast-RTPS[0m
[1.193s] [ 16%] [34m[1mGenerating C++ introspection for ROS interfaces[0m
[1.196s] [ 19%] [34m[1mGenerating C++ type support dispatch for ROS interfaces[0m
[1.196s] running egg_info
[1.197s] creating hexabot_msgs.egg-info
[1.197s] writing hexabot_msgs.egg-info/PKG-INFO
[1.197s] writing dependency_links to hexabot_msgs.egg-info/dependency_links.txt
[1.197s] writing top-level names to hexabot_msgs.egg-info/top_level.txt
[1.198s] writing manifest file 'hexabot_msgs.egg-info/SOURCES.txt'
[1.200s] reading manifest file 'hexabot_msgs.egg-info/SOURCES.txt'
[1.200s] writing manifest file 'hexabot_msgs.egg-info/SOURCES.txt'
[1.231s] [ 19%] Built target ament_cmake_python_build_hexabot_msgs_egg
[1.250s] [ 22%] [32m[1mLinking C shared library libhexabot_msgs__rosidl_generator_c.so[0m
[1.287s] [ 22%] Built target hexabot_msgs__rosidl_generator_c
[1.302s] [ 25%] [34m[1mGenerating C type support for eProsima Fast-RTPS[0m
[1.302s] [ 29%] [34m[1mGenerating C introspection for ROS interfaces[0m
[1.302s] [ 32%] [34m[1mGenerating C type support dispatch for ROS interfaces[0m
[1.443s] [ 35%] [32mBuilding CXX object CMakeFiles/hexabot_msgs__rosidl_typesupport_fastrtps_cpp.dir/rosidl_typesupport_fastrtps_cpp/hexabot_msgs/msg/detail/dds_fastrtps/actuator_positions__type_support.cpp.o[0m
[1.457s] [ 38%] [32mBuilding CXX object CMakeFiles/hexabot_msgs__rosidl_typesupport_introspection_cpp.dir/rosidl_typesupport_introspection_cpp/hexabot_msgs/msg/detail/actuator_positions__type_support.cpp.o[0m
[1.537s] [ 41%] [32mBuilding CXX object CMakeFiles/hexabot_msgs__rosidl_typesupport_cpp.dir/rosidl_typesupport_cpp/hexabot_msgs/msg/actuator_positions__type_support.cpp.o[0m
[1.623s] [ 45%] [32mBuilding C object CMakeFiles/hexabot_msgs__rosidl_typesupport_introspection_c.dir/rosidl_typesupport_introspection_c/hexabot_msgs/msg/detail/actuator_positions__type_support.c.o[0m
[1.662s] [ 48%] [32m[1mLinking C shared library libhexabot_msgs__rosidl_typesupport_introspection_c.so[0m
[1.663s] [ 51%] [32mBuilding CXX object CMakeFiles/hexabot_msgs__rosidl_typesupport_c.dir/rosidl_typesupport_c/hexabot_msgs/msg/actuator_positions__type_support.cpp.o[0m
[1.697s] [ 54%] [32mBuilding CXX object CMakeFiles/hexabot_msgs__rosidl_typesupport_fastrtps_c.dir/rosidl_typesupport_fastrtps_c/hexabot_msgs/msg/detail/actuator_positions__type_support_c.cpp.o[0m
[1.697s] [ 54%] Built target hexabot_msgs__rosidl_typesupport_introspection_c
[1.707s] [ 58%] [32m[1mLinking CXX shared library libhexabot_msgs__rosidl_typesupport_c.so[0m
[1.752s] [ 58%] Built target hexabot_msgs__rosidl_typesupport_c
[1.807s] [ 61%] [32m[1mLinking CXX shared library libhexabot_msgs__rosidl_typesupport_cpp.so[0m
[1.852s] [ 61%] Built target hexabot_msgs__rosidl_typesupport_cpp
[1.931s] [ 64%] [32m[1mLinking CXX shared library libhexabot_msgs__rosidl_typesupport_introspection_cpp.so[0m
[1.941s] [ 67%] [32m[1mLinking CXX shared library libhexabot_msgs__rosidl_typesupport_fastrtps_cpp.so[0m
[1.975s] [ 67%] Built target hexabot_msgs__rosidl_typesupport_introspection_cpp
[2.023s] [ 70%] [32m[1mLinking CXX shared library libhexabot_msgs__rosidl_typesupport_fastrtps_c.so[0m
[2.024s] [ 70%] Built target hexabot_msgs__rosidl_typesupport_fastrtps_cpp
[2.103s] [ 70%] Built target hexabot_msgs__rosidl_typesupport_fastrtps_c
[2.124s] [ 70%] Built target hexabot_msgs
[2.145s] [ 74%] [34m[1mGenerating Python code for ROS interfaces[0m
[2.422s] [ 74%] Built target hexabot_msgs__py
[2.442s] [ 77%] [32mBuilding C object CMakeFiles/hexabot_msgs__rosidl_generator_py.dir/rosidl_generator_py/hexabot_msgs/msg/_actuator_positions_s.c.o[0m
[2.558s] [ 80%] [32m[1mLinking C shared library rosidl_generator_py/hexabot_msgs/libhexabot_msgs__rosidl_generator_py.so[0m
[2.597s] [ 80%] Built target hexabot_msgs__rosidl_generator_py
[2.618s] [ 90%] [32mBuilding C object CMakeFiles/hexabot_msgs__rosidl_typesupport_fastrtps_c__pyext.dir/rosidl_generator_py/hexabot_msgs/_hexabot_msgs_s.ep.rosidl_typesupport_fastrtps_c.c.o[0m
[2.618s] [ 90%] [32mBuilding C object CMakeFiles/hexabot_msgs__rosidl_typesupport_c__pyext.dir/rosidl_generator_py/hexabot_msgs/_hexabot_msgs_s.ep.rosidl_typesupport_c.c.o[0m
[2.618s] [ 90%] [32mBuilding C object CMakeFiles/hexabot_msgs__rosidl_typesupport_introspection_c__pyext.dir/rosidl_generator_py/hexabot_msgs/_hexabot_msgs_s.ep.rosidl_typesupport_introspection_c.c.o[0m
[2.707s] [ 93%] [32m[1mLinking C shared library rosidl_generator_py/hexabot_msgs/hexabot_msgs_s__rosidl_typesupport_c.cpython-310-x86_64-linux-gnu.so[0m
[2.708s] [ 96%] [32m[1mLinking C shared library rosidl_generator_py/hexabot_msgs/hexabot_msgs_s__rosidl_typesupport_introspection_c.cpython-310-x86_64-linux-gnu.so[0m
[2.714s] [100%] [32m[1mLinking C shared library rosidl_generator_py/hexabot_msgs/hexabot_msgs_s__rosidl_typesupport_fastrtps_c.cpython-310-x86_64-linux-gnu.so[0m
[2.743s] [100%] Built target hexabot_msgs__rosidl_typesupport_c__pyext
[2.744s] [100%] Built target hexabot_msgs__rosidl_typesupport_introspection_c__pyext
[2.752s] [100%] Built target hexabot_msgs__rosidl_typesupport_fastrtps_c__pyext
[2.764s] Invoked command in '/home/hesham/hexapod_ws/build/hexabot_msgs' returned '0': CMAKE_PREFIX_PATH=${CMAKE_PREFIX_PATH}:/opt/ros/humble /usr/bin/cmake --build /home/hesham/hexapod_ws/build/hexabot_msgs -- -j8 -l8
[2.774s] Invoking command in '/home/hesham/hexapod_ws/build/hexabot_msgs': CMAKE_PREFIX_PATH=${CMAKE_PREFIX_PATH}:/opt/ros/humble /usr/bin/cmake --install /home/hesham/hexapod_ws/build/hexabot_msgs
[2.781s] -- Install configuration: ""
[2.782s] -- Installing: /home/hesham/hexapod_ws/install/hexabot_msgs/share/ament_index/resource_index/rosidl_interfaces/hexabot_msgs
[2.782s] -- Installing: /home/hesham/hexapod_ws/install/hexabot_msgs/include/hexabot_msgs/hexabot_msgs
[2.782s] -- Installing: /home/hesham/hexapod_ws/install/hexabot_msgs/include/hexabot_msgs/hexabot_msgs/msg
[2.782s] -- Installing: /home/hesham/hexapod_ws/install/hexabot_msgs/include/hexabot_msgs/hexabot_msgs/msg/detail
[2.782s] -- Installing: /home/hesham/hexapod_ws/install/hexabot_msgs/include/hexabot_msgs/hexabot_msgs/msg/detail/actuator_positions__functions.c
[2.782s] -- Installing: /home/hesham/hexapod_ws/install/hexabot_msgs/include/hexabot_msgs/hexabot_msgs/msg/detail/actuator_positions__type_support.h
[2.782s] -- Installing: /home/hesham/hexapod_ws/install/hexabot_msgs/include/hexabot_msgs/hexabot_msgs/msg/detail/actuator_positions__struct.h
[2.782s] -- Installing: /home/hesham/hexapod_ws/install/hexabot_msgs/include/hexabot_msgs/hexabot_msgs/msg/detail/actuator_positions__functions.h
[2.782s] -- Installing: /home/hesham/hexapod_ws/install/hexabot_msgs/include/hexabot_msgs/hexabot_msgs/msg/rosidl_generator_c__visibility_control.h
[2.782s] -- Installing: /home/hesham/hexapod_ws/install/hexabot_msgs/include/hexabot_msgs/hexabot_msgs/msg/actuator_positions.h
[2.783s] -- Installing: /home/hesham/hexapod_ws/install/hexabot_msgs/share/hexabot_msgs/environment/library_path.sh
[2.783s] -- Installing: /home/hesham/hexapod_ws/install/hexabot_msgs/share/hexabot_msgs/environment/library_path.dsv
[2.783s] -- Installing: /home/hesham/hexapod_ws/install/hexabot_msgs/lib/libhexabot_msgs__rosidl_generator_c.so
[2.783s] -- Set runtime path of "/home/hesham/hexapod_ws/install/hexabot_msgs/lib/libhexabot_msgs__rosidl_generator_c.so" to ""
[2.784s] -- Up-to-date: /home/hesham/hexapod_ws/install/hexabot_msgs/include/hexabot_msgs/hexabot_msgs
[2.784s] -- Up-to-date: /home/hesham/hexapod_ws/install/hexabot_msgs/include/hexabot_msgs/hexabot_msgs/msg
[2.784s] -- Up-to-date: /home/hesham/hexapod_ws/install/hexabot_msgs/include/hexabot_msgs/hexabot_msgs/msg/detail
[2.784s] -- Installing: /home/hesham/hexapod_ws/install/hexabot_msgs/include/hexabot_msgs/hexabot_msgs/msg/detail/actuator_positions__rosidl_typesupport_fastrtps_c.h
[2.784s] -- Installing: /home/hesham/hexapod_ws/install/hexabot_msgs/include/hexabot_msgs/hexabot_msgs/msg/rosidl_typesupport_fastrtps_c__visibility_control.h
[2.784s] -- Installing: /home/hesham/hexapod_ws/install/hexabot_msgs/lib/libhexabot_msgs__rosidl_typesupport_fastrtps_c.so
[2.784s] -- Set runtime path of "/home/hesham/hexapod_ws/install/hexabot_msgs/lib/libhexabot_msgs__rosidl_typesupport_fastrtps_c.so" to ""
[2.784s] -- Up-to-date: /home/hesham/hexapod_ws/install/hexabot_msgs/include/hexabot_msgs/hexabot_msgs
[2.784s] -- Up-to-date: /home/hesham/hexapod_ws/install/hexabot_msgs/include/hexabot_msgs/hexabot_msgs/msg
[2.785s] -- Up-to-date: /home/hesham/hexapod_ws/install/hexabot_msgs/include/hexabot_msgs/hexabot_msgs/msg/detail
[2.785s] -- Installing: /home/hesham/hexapod_ws/install/hexabot_msgs/include/hexabot_msgs/hexabot_msgs/msg/detail/actuator_positions__rosidl_typesupport_introspection_c.h
[2.785s] -- Installing: /home/hesham/hexapod_ws/install/hexabot_msgs/include/hexabot_msgs/hexabot_msgs/msg/detail/actuator_positions__type_support.c
[2.785s] -- Installing: /home/hesham/hexapod_ws/install/hexabot_msgs/include/hexabot_msgs/hexabot_msgs/msg/rosidl_typesupport_introspection_c__visibility_control.h
[2.785s] -- Installing: /home/hesham/hexapod_ws/install/hexabot_msgs/lib/libhexabot_msgs__rosidl_typesupport_introspection_c.so
[2.785s] -- Set runtime path of "/home/hesham/hexapod_ws/install/hexabot_msgs/lib/libhexabot_msgs__rosidl_typesupport_introspection_c.so" to ""
[2.785s] -- Installing: /home/hesham/hexapod_ws/install/hexabot_msgs/lib/libhexabot_msgs__rosidl_typesupport_c.so
[2.786s] -- Set runtime path of "/home/hesham/hexapod_ws/install/hexabot_msgs/lib/libhexabot_msgs__rosidl_typesupport_c.so" to ""
[2.786s] -- Up-to-date: /home/hesham/hexapod_ws/install/hexabot_msgs/include/hexabot_msgs/hexabot_msgs
[2.786s] -- Up-to-date: /home/hesham/hexapod_ws/install/hexabot_msgs/include/hexabot_msgs/hexabot_msgs/msg
[2.786s] -- Up-to-date: /home/hesham/hexapod_ws/install/hexabot_msgs/include/hexabot_msgs/hexabot_msgs/msg/detail
[2.786s] -- Installing: /home/hesham/hexapod_ws/install/hexabot_msgs/include/hexabot_msgs/hexabot_msgs/msg/detail/actuator_positions__builder.hpp
[2.786s] -- Installing: /home/hesham/hexapod_ws/install/hexabot_msgs/include/hexabot_msgs/hexabot_msgs/msg/detail/actuator_positions__type_support.hpp
[2.786s] -- Installing: /home/hesham/hexapod_ws/install/hexabot_msgs/include/hexabot_msgs/hexabot_msgs/msg/detail/actuator_positions__traits.hpp
[2.786s] -- Installing: /home/hesham/hexapod_ws/install/hexabot_msgs/include/hexabot_msgs/hexabot_msgs/msg/detail/actuator_positions__struct.hpp
[2.786s] -- Installing: /home/hesham/hexapod_ws/install/hexabot_msgs/include/hexabot_msgs/hexabot_msgs/msg/actuator_positions.hpp
[2.787s] -- Installing: /home/hesham/hexapod_ws/install/hexabot_msgs/include/hexabot_msgs/hexabot_msgs/msg/rosidl_generator_cpp__visibility_control.hpp
[2.787s] -- Up-to-date: /home/hesham/hexapod_ws/install/hexabot_msgs/include/hexabot_msgs/hexabot_msgs
[2.787s] -- Up-to-date: /home/hesham/hexapod_ws/install/hexabot_msgs/include/hexabot_msgs/hexabot_msgs/msg
[2.787s] -- Up-to-date: /home/hesham/hexapod_ws/install/hexabot_msgs/include/hexabot_msgs/hexabot_msgs/msg/detail
[2.787s] -- Installing: /home/hesham/hexapod_ws/install/hexabot_msgs/include/hexabot_msgs/hexabot_msgs/msg/detail/actuator_positions__rosidl_typesupport_fastrtps_cpp.hpp
[2.787s] -- Installing: /home/hesham/hexapod_ws/install/hexabot_msgs/include/hexabot_msgs/hexabot_msgs/msg/detail/dds_fastrtps
[2.787s] -- Installing: /home/hesham/hexapod_ws/install/hexabot_msgs/include/hexabot_msgs/hexabot_msgs/msg/rosidl_typesupport_fastrtps_cpp__visibility_control.h
[2.787s] -- Installing: /home/hesham/hexapod_ws/install/hexabot_msgs/lib/libhexabot_msgs__rosidl_typesupport_fastrtps_cpp.so
[2.787s] -- Set runtime path of "/home/hesham/hexapod_ws/install/hexabot_msgs/lib/libhexabot_msgs__rosidl_typesupport_fastrtps_cpp.so" to ""
[2.788s] -- Up-to-date: /home/hesham/hexapod_ws/install/hexabot_msgs/include/hexabot_msgs/hexabot_msgs
[2.788s] -- Up-to-date: /home/hesham/hexapod_ws/install/hexabot_msgs/include/hexabot_msgs/hexabot_msgs/msg
[2.788s] -- Up-to-date: /home/hesham/hexapod_ws/install/hexabot_msgs/include/hexabot_msgs/hexabot_msgs/msg/detail
[2.788s] -- Installing: /home/hesham/hexapod_ws/install/hexabot_msgs/include/hexabot_msgs/hexabot_msgs/msg/detail/actuator_positions__rosidl_typesupport_introspection_cpp.hpp
[2.788s] -- Installing: /home/hesham/hexapod_ws/install/hexabot_msgs/include/hexabot_msgs/hexabot_msgs/msg/detail/actuator_positions__type_support.cpp
[2.788s] -- Installing: /home/hesham/hexapod_ws/install/hexabot_msgs/lib/libhexabot_msgs__rosidl_typesupport_introspection_cpp.so
[2.788s] -- Set runtime path of "/home/hesham/hexapod_ws/install/hexabot_msgs/lib/libhexabot_msgs__rosidl_typesupport_introspection_cpp.so" to ""
[2.789s] -- Installing: /home/hesham/hexapod_ws/install/hexabot_msgs/lib/libhexabot_msgs__rosidl_typesupport_cpp.so
[2.789s] -- Set runtime path of "/home/hesham/hexapod_ws/install/hexabot_msgs/lib/libhexabot_msgs__rosidl_typesupport_cpp.so" to ""
[2.789s] -- Installing: /home/hesham/hexapod_ws/install/hexabot_msgs/share/hexabot_msgs/environment/pythonpath.sh
[2.789s] -- Installing: /home/hesham/hexapod_ws/install/hexabot_msgs/share/hexabot_msgs/environment/pythonpath.dsv
[2.789s] -- Installing: /home/hesham/hexapod_ws/install/hexabot_msgs/local/lib/python3.10/dist-packages/hexabot_msgs-0.0.0-py3.10.egg-info
[2.790s] -- Installing: /home/hesham/hexapod_ws/install/hexabot_msgs/local/lib/python3.10/dist-packages/hexabot_msgs-0.0.0-py3.10.egg-info/PKG-INFO
[2.790s] -- Installing: /home/hesham/hexapod_ws/install/hexabot_msgs/local/lib/python3.10/dist-packages/hexabot_msgs-0.0.0-py3.10.egg-info/SOURCES.txt
[2.790s] -- Installing: /home/hesham/hexapod_ws/install/hexabot_msgs/local/lib/python3.10/dist-packages/hexabot_msgs-0.0.0-py3.10.egg-info/top_level.txt
[2.790s] -- Installing: /home/hesham/hexapod_ws/install/hexabot_msgs/local/lib/python3.10/dist-packages/hexabot_msgs-0.0.0-py3.10.egg-info/dependency_links.txt
[2.790s] -- Installing: /home/hesham/hexapod_ws/install/hexabot_msgs/local/lib/python3.10/dist-packages/hexabot_msgs
[2.790s] -- Installing: /home/hesham/hexapod_ws/install/hexabot_msgs/local/lib/python3.10/dist-packages/hexabot_msgs/_hexabot_msgs_s.ep.rosidl_typesupport_c.c
[2.790s] -- Installing: /home/hesham/hexapod_ws/install/hexabot_msgs/local/lib/python3.10/dist-packages/hexabot_msgs/hexabot_msgs_s__rosidl_typesupport_introspection_c.cpython-310-x86_64-linux-gnu.so
[2.791s] -- Installing: /home/hesham/hexapod_ws/install/hexabot_msgs/local/lib/python3.10/dist-packages/hexabot_msgs/_hexabot_msgs_s.ep.rosidl_typesupport_introspection_c.c
[2.791s] -- Installing: /home/hesham/hexapod_ws/install/hexabot_msgs/local/lib/python3.10/dist-packages/hexabot_msgs/hexabot_msgs_s__rosidl_typesupport_c.cpython-310-x86_64-linux-gnu.so
[2.791s] -- Installing: /home/hesham/hexapod_ws/install/hexabot_msgs/local/lib/python3.10/dist-packages/hexabot_msgs/_hexabot_msgs_s.ep.rosidl_typesupport_fastrtps_c.c
[2.791s] -- Installing: /home/hesham/hexapod_ws/install/hexabot_msgs/local/lib/python3.10/dist-packages/hexabot_msgs/libhexabot_msgs__rosidl_generator_py.so
[2.791s] -- Installing: /home/hesham/hexapod_ws/install/hexabot_msgs/local/lib/python3.10/dist-packages/hexabot_msgs/__init__.py
[2.791s] -- Installing: /home/hesham/hexapod_ws/install/hexabot_msgs/local/lib/python3.10/dist-packages/hexabot_msgs/msg
[2.791s] -- Installing: /home/hesham/hexapod_ws/install/hexabot_msgs/local/lib/python3.10/dist-packages/hexabot_msgs/msg/_actuator_positions_s.c
[2.792s] -- Installing: /home/hesham/hexapod_ws/install/hexabot_msgs/local/lib/python3.10/dist-packages/hexabot_msgs/msg/__init__.py
[2.792s] -- Installing: /home/hesham/hexapod_ws/install/hexabot_msgs/local/lib/python3.10/dist-packages/hexabot_msgs/msg/_actuator_positions.py
[2.792s] -- Installing: /home/hesham/hexapod_ws/install/hexabot_msgs/local/lib/python3.10/dist-packages/hexabot_msgs/hexabot_msgs_s__rosidl_typesupport_fastrtps_c.cpython-310-x86_64-linux-gnu.so
[2.823s] Listing '/home/hesham/hexapod_ws/install/hexabot_msgs/local/lib/python3.10/dist-packages/hexabot_msgs'...
[2.823s] Compiling '/home/hesham/hexapod_ws/install/hexabot_msgs/local/lib/python3.10/dist-packages/hexabot_msgs/__init__.py'...
[2.823s] Listing '/home/hesham/hexapod_ws/install/hexabot_msgs/local/lib/python3.10/dist-packages/hexabot_msgs/msg'...
[2.823s] Compiling '/home/hesham/hexapod_ws/install/hexabot_msgs/local/lib/python3.10/dist-packages/hexabot_msgs/msg/__init__.py'...
[2.824s] Compiling '/home/hesham/hexapod_ws/install/hexabot_msgs/local/lib/python3.10/dist-packages/hexabot_msgs/msg/_actuator_positions.py'...
[2.827s] -- Installing: /home/hesham/hexapod_ws/install/hexabot_msgs/local/lib/python3.10/dist-packages/hexabot_msgs/hexabot_msgs_s__rosidl_typesupport_fastrtps_c.cpython-310-x86_64-linux-gnu.so
[2.828s] -- Set runtime path of "/home/hesham/hexapod_ws/install/hexabot_msgs/local/lib/python3.10/dist-packages/hexabot_msgs/hexabot_msgs_s__rosidl_typesupport_fastrtps_c.cpython-310-x86_64-linux-gnu.so" to ""
[2.828s] -- Installing: /home/hesham/hexapod_ws/install/hexabot_msgs/local/lib/python3.10/dist-packages/hexabot_msgs/hexabot_msgs_s__rosidl_typesupport_introspection_c.cpython-310-x86_64-linux-gnu.so
[2.829s] -- Set runtime path of "/home/hesham/hexapod_ws/install/hexabot_msgs/local/lib/python3.10/dist-packages/hexabot_msgs/hexabot_msgs_s__rosidl_typesupport_introspection_c.cpython-310-x86_64-linux-gnu.so" to ""
[2.829s] -- Installing: /home/hesham/hexapod_ws/install/hexabot_msgs/local/lib/python3.10/dist-packages/hexabot_msgs/hexabot_msgs_s__rosidl_typesupport_c.cpython-310-x86_64-linux-gnu.so
[2.829s] -- Set runtime path of "/home/hesham/hexapod_ws/install/hexabot_msgs/local/lib/python3.10/dist-packages/hexabot_msgs/hexabot_msgs_s__rosidl_typesupport_c.cpython-310-x86_64-linux-gnu.so" to ""
[2.829s] -- Installing: /home/hesham/hexapod_ws/install/hexabot_msgs/lib/libhexabot_msgs__rosidl_generator_py.so
[2.830s] -- Set runtime path of "/home/hesham/hexapod_ws/install/hexabot_msgs/lib/libhexabot_msgs__rosidl_generator_py.so" to ""
[2.830s] -- Installing: /home/hesham/hexapod_ws/install/hexabot_msgs/share/hexabot_msgs/msg/ActuatorPositions.idl
[2.830s] -- Installing: /home/hesham/hexapod_ws/install/hexabot_msgs/share/hexabot_msgs/msg/ActuatorPositions.msg
[2.830s] -- Installing: /home/hesham/hexapod_ws/install/hexabot_msgs/share/ament_index/resource_index/package_run_dependencies/hexabot_msgs
[2.830s] -- Installing: /home/hesham/hexapod_ws/install/hexabot_msgs/share/ament_index/resource_index/parent_prefix_path/hexabot_msgs
[2.831s] -- Installing: /home/hesham/hexapod_ws/install/hexabot_msgs/share/hexabot_msgs/environment/ament_prefix_path.sh
[2.831s] -- Installing: /home/hesham/hexapod_ws/install/hexabot_msgs/share/hexabot_msgs/environment/ament_prefix_path.dsv
[2.831s] -- Installing: /home/hesham/hexapod_ws/install/hexabot_msgs/share/hexabot_msgs/environment/path.sh
[2.831s] -- Installing: /home/hesham/hexapod_ws/install/hexabot_msgs/share/hexabot_msgs/environment/path.dsv
[2.831s] -- Installing: /home/hesham/hexapod_ws/install/hexabot_msgs/share/hexabot_msgs/local_setup.bash
[2.831s] -- Installing: /home/hesham/hexapod_ws/install/hexabot_msgs/share/hexabot_msgs/local_setup.sh
[2.832s] -- Installing: /home/hesham/hexapod_ws/install/hexabot_msgs/share/hexabot_msgs/local_setup.zsh
[2.832s] -- Installing: /home/hesham/hexapod_ws/install/hexabot_msgs/share/hexabot_msgs/local_setup.dsv
[2.832s] -- Installing: /home/hesham/hexapod_ws/install/hexabot_msgs/share/hexabot_msgs/package.dsv
[2.832s] -- Installing: /home/hesham/hexapod_ws/install/hexabot_msgs/share/ament_index/resource_index/packages/hexabot_msgs
[2.832s] -- Installing: /home/hesham/hexapod_ws/install/hexabot_msgs/share/hexabot_msgs/cmake/export_hexabot_msgs__rosidl_generator_cExport.cmake
[2.833s] -- Installing: /home/hesham/hexapod_ws/install/hexabot_msgs/share/hexabot_msgs/cmake/export_hexabot_msgs__rosidl_generator_cExport-noconfig.cmake
[2.833s] -- Installing: /home/hesham/hexapod_ws/install/hexabot_msgs/share/hexabot_msgs/cmake/export_hexabot_msgs__rosidl_typesupport_fastrtps_cExport.cmake
[2.833s] -- Installing: /home/hesham/hexapod_ws/install/hexabot_msgs/share/hexabot_msgs/cmake/export_hexabot_msgs__rosidl_typesupport_fastrtps_cExport-noconfig.cmake
[2.833s] -- Installing: /home/hesham/hexapod_ws/install/hexabot_msgs/share/hexabot_msgs/cmake/hexabot_msgs__rosidl_typesupport_introspection_cExport.cmake
[2.833s] -- Installing: /home/hesham/hexapod_ws/install/hexabot_msgs/share/hexabot_msgs/cmake/hexabot_msgs__rosidl_typesupport_introspection_cExport-noconfig.cmake
[2.833s] -- Installing: /home/hesham/hexapod_ws/install/hexabot_msgs/share/hexabot_msgs/cmake/hexabot_msgs__rosidl_typesupport_cExport.cmake
[2.833s] -- Installing: /home/hesham/hexapod_ws/install/hexabot_msgs/share/hexabot_msgs/cmake/hexabot_msgs__rosidl_typesupport_cExport-noconfig.cmake
[2.834s] -- Installing: /home/hesham/hexapod_ws/install/hexabot_msgs/share/hexabot_msgs/cmake/export_hexabot_msgs__rosidl_generator_cppExport.cmake
[2.834s] -- Installing: /home/hesham/hexapod_ws/install/hexabot_msgs/share/hexabot_msgs/cmake/export_hexabot_msgs__rosidl_typesupport_fastrtps_cppExport.cmake
[2.834s] -- Installing: /home/hesham/hexapod_ws/install/hexabot_msgs/share/hexabot_msgs/cmake/export_hexabot_msgs__rosidl_typesupport_fastrtps_cppExport-noconfig.cmake
[2.834s] -- Installing: /home/hesham/hexapod_ws/install/hexabot_msgs/share/hexabot_msgs/cmake/hexabot_msgs__rosidl_typesupport_introspection_cppExport.cmake
[2.834s] -- Installing: /home/hesham/hexapod_ws/install/hexabot_msgs/share/hexabot_msgs/cmake/hexabot_msgs__rosidl_typesupport_introspection_cppExport-noconfig.cmake
[2.834s] -- Installing: /home/hesham/hexapod_ws/install/hexabot_msgs/share/hexabot_msgs/cmake/hexabot_msgs__rosidl_typesupport_cppExport.cmake
[2.835s] -- Installing: /home/hesham/hexapod_ws/install/hexabot_msgs/share/hexabot_msgs/cmake/hexabot_msgs__rosidl_typesupport_cppExport-noconfig.cmake
[2.835s] -- Installing: /home/hesham/hexapod_ws/install/hexabot_msgs/share/hexabot_msgs/cmake/export_hexabot_msgs__rosidl_generator_pyExport.cmake
[2.835s] -- Installing: /home/hesham/hexapod_ws/install/hexabot_msgs/share/hexabot_msgs/cmake/export_hexabot_msgs__rosidl_generator_pyExport-noconfig.cmake
[2.835s] -- Installing: /home/hesham/hexapod_ws/install/hexabot_msgs/share/hexabot_msgs/cmake/rosidl_cmake-extras.cmake
[2.835s] -- Installing: /home/hesham/hexapod_ws/install/hexabot_msgs/share/hexabot_msgs/cmake/ament_cmake_export_include_directories-extras.cmake
[2.835s] -- Installing: /home/hesham/hexapod_ws/install/hexabot_msgs/share/hexabot_msgs/cmake/ament_cmake_export_libraries-extras.cmake
[2.835s] -- Installing: /home/hesham/hexapod_ws/install/hexabot_msgs/share/hexabot_msgs/cmake/ament_cmake_export_targets-extras.cmake
[2.836s] -- Installing: /home/hesham/hexapod_ws/install/hexabot_msgs/share/hexabot_msgs/cmake/rosidl_cmake_export_typesupport_targets-extras.cmake
[2.836s] -- Installing: /home/hesham/hexapod_ws/install/hexabot_msgs/share/hexabot_msgs/cmake/ament_cmake_export_dependencies-extras.cmake
[2.836s] -- Installing: /home/hesham/hexapod_ws/install/hexabot_msgs/share/hexabot_msgs/cmake/rosidl_cmake_export_typesupport_libraries-extras.cmake
[2.836s] -- Installing: /home/hesham/hexapod_ws/install/hexabot_msgs/share/hexabot_msgs/cmake/hexabot_msgsConfig.cmake
[2.836s] -- Installing: /home/hesham/hexapod_ws/install/hexabot_msgs/share/hexabot_msgs/cmake/hexabot_msgsConfig-version.cmake
[2.836s] -- Installing: /home/hesham/hexapod_ws/install/hexabot_msgs/share/hexabot_msgs/package.xml
[2.839s] Invoked command in '/home/hesham/hexapod_ws/build/hexabot_msgs' returned '0': CMAKE_PREFIX_PATH=${CMAKE_PREFIX_PATH}:/opt/ros/humble /usr/bin/cmake --install /home/hesham/hexapod_ws/build/hexabot_msgs
