[0.098s] DEBUG:colcon:Command line arguments: ['/usr/bin/colcon', 'build', '--packages-up-to', 'micro_ros_agent', '--cmake-args', '-DUAGENT_BUILD_EXECUTABLE=OFF', '-DUAGENT_P2P_PROFILE=OFF', '--no-warn-unused-cli']
[0.099s] DEBUG:colcon:Parsed command line arguments: Namespace(log_base=None, log_level=None, verb_name='build', build_base='build', install_base='install', merge_install=False, symlink_install=False, test_result_base=None, continue_on_error=False, executor='parallel', parallel_workers=8, event_handlers=None, ignore_user_meta=False, metas=['./colcon.meta'], base_paths=['.'], packages_ignore=None, packages_ignore_regex=None, paths=None, packages_up_to=['micro_ros_agent'], packages_up_to_regex=None, packages_above=None, packages_above_and_dependencies=None, packages_above_depth=None, packages_select_by_dep=None, packages_skip_by_dep=None, packages_skip_up_to=None, packages_select_build_failed=False, packages_skip_build_finished=False, packages_select_test_failures=False, packages_skip_test_passed=False, packages_select=None, packages_skip=None, packages_select_regex=None, packages_skip_regex=None, packages_start=None, packages_end=None, allow_overriding=[], cmake_args=['-DUAGENT_BUILD_EXECUTABLE=OFF', '-DUAGENT_P2P_PROFILE=OFF', '--no-warn-unused-cli'], cmake_target=None, cmake_target_skip_unavailable=False, cmake_clean_cache=False, cmake_clean_first=False, cmake_force_configure=False, ament_cmake_args=None, catkin_cmake_args=None, catkin_skip_building_tests=False, verb_parser=<colcon_defaults.argument_parser.defaults.DefaultArgumentsDecorator object at 0x7fbdd6b3e770>, verb_extension=<colcon_core.verb.build.BuildVerb object at 0x7fbdd6b3e230>, main=<bound method BuildVerb.main of <colcon_core.verb.build.BuildVerb object at 0x7fbdd6b3e230>>)
[0.248s] Level 1:colcon.colcon_core.package_discovery:discover_packages(colcon_meta) check parameters
[0.248s] Level 1:colcon.colcon_core.package_discovery:discover_packages(recursive) check parameters
[0.248s] Level 1:colcon.colcon_core.package_discovery:discover_packages(ignore) check parameters
[0.248s] Level 1:colcon.colcon_core.package_discovery:discover_packages(path) check parameters
[0.248s] Level 1:colcon.colcon_core.package_discovery:discover_packages(colcon_meta) discover
[0.248s] Level 1:colcon.colcon_core.package_discovery:discover_packages(recursive) discover
[0.248s] INFO:colcon.colcon_core.package_discovery:Crawling recursively for packages in '/home/hesham/hexapod_ws'
[0.248s] Level 1:colcon.colcon_core.package_identification:_identify(.) by extensions ['ignore', 'ignore_ament_install']
[0.248s] Level 1:colcon.colcon_core.package_identification:_identify(.) by extension 'ignore'
[0.248s] Level 1:colcon.colcon_core.package_identification:_identify(.) by extension 'ignore_ament_install'
[0.248s] Level 1:colcon.colcon_core.package_identification:_identify(.) by extensions ['colcon_pkg']
[0.248s] Level 1:colcon.colcon_core.package_identification:_identify(.) by extension 'colcon_pkg'
[0.248s] Level 1:colcon.colcon_core.package_identification:_identify(.) by extensions ['colcon_meta']
[0.248s] Level 1:colcon.colcon_core.package_identification:_identify(.) by extension 'colcon_meta'
[0.249s] Level 1:colcon.colcon_core.package_identification:_identify(.) by extensions ['ros']
[0.249s] Level 1:colcon.colcon_core.package_identification:_identify(.) by extension 'ros'
[0.259s] Level 1:colcon.colcon_core.package_identification:_identify(.) by extensions ['cmake', 'python']
[0.259s] Level 1:colcon.colcon_core.package_identification:_identify(.) by extension 'cmake'
[0.259s] Level 1:colcon.colcon_core.package_identification:_identify(.) by extension 'python'
[0.259s] Level 1:colcon.colcon_core.package_identification:_identify(.) by extensions ['python_setup_py']
[0.259s] Level 1:colcon.colcon_core.package_identification:_identify(.) by extension 'python_setup_py'
[0.259s] Level 1:colcon.colcon_core.package_identification:_identify(build) by extensions ['ignore', 'ignore_ament_install']
[0.259s] Level 1:colcon.colcon_core.package_identification:_identify(build) by extension 'ignore'
[0.259s] Level 1:colcon.colcon_core.package_identification:_identify(build) ignored
[0.259s] Level 1:colcon.colcon_core.package_identification:_identify(install) by extensions ['ignore', 'ignore_ament_install']
[0.260s] Level 1:colcon.colcon_core.package_identification:_identify(install) by extension 'ignore'
[0.260s] Level 1:colcon.colcon_core.package_identification:_identify(install) ignored
[0.260s] Level 1:colcon.colcon_core.package_identification:_identify(log) by extensions ['ignore', 'ignore_ament_install']
[0.260s] Level 1:colcon.colcon_core.package_identification:_identify(log) by extension 'ignore'
[0.260s] Level 1:colcon.colcon_core.package_identification:_identify(log) ignored
[0.260s] Level 1:colcon.colcon_core.package_identification:_identify(src) by extensions ['ignore', 'ignore_ament_install']
[0.260s] Level 1:colcon.colcon_core.package_identification:_identify(src) by extension 'ignore'
[0.260s] Level 1:colcon.colcon_core.package_identification:_identify(src) by extension 'ignore_ament_install'
[0.260s] Level 1:colcon.colcon_core.package_identification:_identify(src) by extensions ['colcon_pkg']
[0.260s] Level 1:colcon.colcon_core.package_identification:_identify(src) by extension 'colcon_pkg'
[0.260s] Level 1:colcon.colcon_core.package_identification:_identify(src) by extensions ['colcon_meta']
[0.260s] Level 1:colcon.colcon_core.package_identification:_identify(src) by extension 'colcon_meta'
[0.260s] Level 1:colcon.colcon_core.package_identification:_identify(src) by extensions ['ros']
[0.260s] Level 1:colcon.colcon_core.package_identification:_identify(src) by extension 'ros'
[0.260s] Level 1:colcon.colcon_core.package_identification:_identify(src) by extensions ['cmake', 'python']
[0.260s] Level 1:colcon.colcon_core.package_identification:_identify(src) by extension 'cmake'
[0.260s] Level 1:colcon.colcon_core.package_identification:_identify(src) by extension 'python'
[0.260s] Level 1:colcon.colcon_core.package_identification:_identify(src) by extensions ['python_setup_py']
[0.260s] Level 1:colcon.colcon_core.package_identification:_identify(src) by extension 'python_setup_py'
[0.261s] Level 1:colcon.colcon_core.package_identification:_identify(src/micro_ros_setup) by extensions ['ignore', 'ignore_ament_install']
[0.261s] Level 1:colcon.colcon_core.package_identification:_identify(src/micro_ros_setup) by extension 'ignore'
[0.261s] Level 1:colcon.colcon_core.package_identification:_identify(src/micro_ros_setup) by extension 'ignore_ament_install'
[0.261s] Level 1:colcon.colcon_core.package_identification:_identify(src/micro_ros_setup) by extensions ['colcon_pkg']
[0.261s] Level 1:colcon.colcon_core.package_identification:_identify(src/micro_ros_setup) by extension 'colcon_pkg'
[0.261s] Level 1:colcon.colcon_core.package_identification:_identify(src/micro_ros_setup) by extensions ['colcon_meta']
[0.261s] Level 1:colcon.colcon_core.package_identification:_identify(src/micro_ros_setup) by extension 'colcon_meta'
[0.261s] Level 1:colcon.colcon_core.package_identification:_identify(src/micro_ros_setup) by extensions ['ros']
[0.261s] Level 1:colcon.colcon_core.package_identification:_identify(src/micro_ros_setup) by extension 'ros'
[0.263s] DEBUG:colcon.colcon_core.package_identification:Package 'src/micro_ros_setup' with type 'ros.ament_cmake' and name 'micro_ros_setup'
[0.263s] Level 1:colcon.colcon_core.package_identification:_identify(src/uros) by extensions ['ignore', 'ignore_ament_install']
[0.263s] Level 1:colcon.colcon_core.package_identification:_identify(src/uros) by extension 'ignore'
[0.263s] Level 1:colcon.colcon_core.package_identification:_identify(src/uros) by extension 'ignore_ament_install'
[0.263s] Level 1:colcon.colcon_core.package_identification:_identify(src/uros) by extensions ['colcon_pkg']
[0.263s] Level 1:colcon.colcon_core.package_identification:_identify(src/uros) by extension 'colcon_pkg'
[0.264s] Level 1:colcon.colcon_core.package_identification:_identify(src/uros) by extensions ['colcon_meta']
[0.264s] Level 1:colcon.colcon_core.package_identification:_identify(src/uros) by extension 'colcon_meta'
[0.264s] Level 1:colcon.colcon_core.package_identification:_identify(src/uros) by extensions ['ros']
[0.264s] Level 1:colcon.colcon_core.package_identification:_identify(src/uros) by extension 'ros'
[0.264s] Level 1:colcon.colcon_core.package_identification:_identify(src/uros) by extensions ['cmake', 'python']
[0.264s] Level 1:colcon.colcon_core.package_identification:_identify(src/uros) by extension 'cmake'
[0.264s] Level 1:colcon.colcon_core.package_identification:_identify(src/uros) by extension 'python'
[0.264s] Level 1:colcon.colcon_core.package_identification:_identify(src/uros) by extensions ['python_setup_py']
[0.264s] Level 1:colcon.colcon_core.package_identification:_identify(src/uros) by extension 'python_setup_py'
[0.264s] Level 1:colcon.colcon_core.package_identification:_identify(src/uros/micro-ROS-Agent) by extensions ['ignore', 'ignore_ament_install']
[0.264s] Level 1:colcon.colcon_core.package_identification:_identify(src/uros/micro-ROS-Agent) by extension 'ignore'
[0.264s] Level 1:colcon.colcon_core.package_identification:_identify(src/uros/micro-ROS-Agent) by extension 'ignore_ament_install'
[0.264s] Level 1:colcon.colcon_core.package_identification:_identify(src/uros/micro-ROS-Agent) by extensions ['colcon_pkg']
[0.264s] Level 1:colcon.colcon_core.package_identification:_identify(src/uros/micro-ROS-Agent) by extension 'colcon_pkg'
[0.264s] Level 1:colcon.colcon_core.package_identification:_identify(src/uros/micro-ROS-Agent) by extensions ['colcon_meta']
[0.264s] Level 1:colcon.colcon_core.package_identification:_identify(src/uros/micro-ROS-Agent) by extension 'colcon_meta'
[0.264s] Level 1:colcon.colcon_core.package_identification:_identify(src/uros/micro-ROS-Agent) by extensions ['ros']
[0.264s] Level 1:colcon.colcon_core.package_identification:_identify(src/uros/micro-ROS-Agent) by extension 'ros'
[0.264s] Level 1:colcon.colcon_core.package_identification:_identify(src/uros/micro-ROS-Agent) by extensions ['cmake', 'python']
[0.264s] Level 1:colcon.colcon_core.package_identification:_identify(src/uros/micro-ROS-Agent) by extension 'cmake'
[0.265s] Level 1:colcon.colcon_core.package_identification:_identify(src/uros/micro-ROS-Agent) by extension 'python'
[0.265s] Level 1:colcon.colcon_core.package_identification:_identify(src/uros/micro-ROS-Agent) by extensions ['python_setup_py']
[0.265s] Level 1:colcon.colcon_core.package_identification:_identify(src/uros/micro-ROS-Agent) by extension 'python_setup_py'
[0.265s] Level 1:colcon.colcon_core.package_identification:_identify(src/uros/micro-ROS-Agent/micro_ros_agent) by extensions ['ignore', 'ignore_ament_install']
[0.265s] Level 1:colcon.colcon_core.package_identification:_identify(src/uros/micro-ROS-Agent/micro_ros_agent) by extension 'ignore'
[0.265s] Level 1:colcon.colcon_core.package_identification:_identify(src/uros/micro-ROS-Agent/micro_ros_agent) by extension 'ignore_ament_install'
[0.265s] Level 1:colcon.colcon_core.package_identification:_identify(src/uros/micro-ROS-Agent/micro_ros_agent) by extensions ['colcon_pkg']
[0.265s] Level 1:colcon.colcon_core.package_identification:_identify(src/uros/micro-ROS-Agent/micro_ros_agent) by extension 'colcon_pkg'
[0.265s] Level 1:colcon.colcon_core.package_identification:_identify(src/uros/micro-ROS-Agent/micro_ros_agent) by extensions ['colcon_meta']
[0.265s] Level 1:colcon.colcon_core.package_identification:_identify(src/uros/micro-ROS-Agent/micro_ros_agent) by extension 'colcon_meta'
[0.265s] Level 1:colcon.colcon_core.package_identification:_identify(src/uros/micro-ROS-Agent/micro_ros_agent) by extensions ['ros']
[0.265s] Level 1:colcon.colcon_core.package_identification:_identify(src/uros/micro-ROS-Agent/micro_ros_agent) by extension 'ros'
[0.266s] DEBUG:colcon.colcon_core.package_identification:Package 'src/uros/micro-ROS-Agent/micro_ros_agent' with type 'ros.ament_cmake' and name 'micro_ros_agent'
[0.266s] Level 1:colcon.colcon_core.package_identification:_identify(src/uros/micro-ROS-Agent/snap) by extensions ['ignore', 'ignore_ament_install']
[0.266s] Level 1:colcon.colcon_core.package_identification:_identify(src/uros/micro-ROS-Agent/snap) by extension 'ignore'
[0.266s] Level 1:colcon.colcon_core.package_identification:_identify(src/uros/micro-ROS-Agent/snap) by extension 'ignore_ament_install'
[0.266s] Level 1:colcon.colcon_core.package_identification:_identify(src/uros/micro-ROS-Agent/snap) by extensions ['colcon_pkg']
[0.266s] Level 1:colcon.colcon_core.package_identification:_identify(src/uros/micro-ROS-Agent/snap) by extension 'colcon_pkg'
[0.266s] Level 1:colcon.colcon_core.package_identification:_identify(src/uros/micro-ROS-Agent/snap) by extensions ['colcon_meta']
[0.266s] Level 1:colcon.colcon_core.package_identification:_identify(src/uros/micro-ROS-Agent/snap) by extension 'colcon_meta'
[0.266s] Level 1:colcon.colcon_core.package_identification:_identify(src/uros/micro-ROS-Agent/snap) by extensions ['ros']
[0.266s] Level 1:colcon.colcon_core.package_identification:_identify(src/uros/micro-ROS-Agent/snap) by extension 'ros'
[0.267s] Level 1:colcon.colcon_core.package_identification:_identify(src/uros/micro-ROS-Agent/snap) by extensions ['cmake', 'python']
[0.267s] Level 1:colcon.colcon_core.package_identification:_identify(src/uros/micro-ROS-Agent/snap) by extension 'cmake'
[0.267s] Level 1:colcon.colcon_core.package_identification:_identify(src/uros/micro-ROS-Agent/snap) by extension 'python'
[0.267s] Level 1:colcon.colcon_core.package_identification:_identify(src/uros/micro-ROS-Agent/snap) by extensions ['python_setup_py']
[0.267s] Level 1:colcon.colcon_core.package_identification:_identify(src/uros/micro-ROS-Agent/snap) by extension 'python_setup_py'
[0.267s] Level 1:colcon.colcon_core.package_identification:_identify(src/uros/micro-ROS-Agent/snap/hooks) by extensions ['ignore', 'ignore_ament_install']
[0.267s] Level 1:colcon.colcon_core.package_identification:_identify(src/uros/micro-ROS-Agent/snap/hooks) by extension 'ignore'
[0.267s] Level 1:colcon.colcon_core.package_identification:_identify(src/uros/micro-ROS-Agent/snap/hooks) by extension 'ignore_ament_install'
[0.267s] Level 1:colcon.colcon_core.package_identification:_identify(src/uros/micro-ROS-Agent/snap/hooks) by extensions ['colcon_pkg']
[0.267s] Level 1:colcon.colcon_core.package_identification:_identify(src/uros/micro-ROS-Agent/snap/hooks) by extension 'colcon_pkg'
[0.267s] Level 1:colcon.colcon_core.package_identification:_identify(src/uros/micro-ROS-Agent/snap/hooks) by extensions ['colcon_meta']
[0.267s] Level 1:colcon.colcon_core.package_identification:_identify(src/uros/micro-ROS-Agent/snap/hooks) by extension 'colcon_meta'
[0.267s] Level 1:colcon.colcon_core.package_identification:_identify(src/uros/micro-ROS-Agent/snap/hooks) by extensions ['ros']
[0.267s] Level 1:colcon.colcon_core.package_identification:_identify(src/uros/micro-ROS-Agent/snap/hooks) by extension 'ros'
[0.267s] Level 1:colcon.colcon_core.package_identification:_identify(src/uros/micro-ROS-Agent/snap/hooks) by extensions ['cmake', 'python']
[0.267s] Level 1:colcon.colcon_core.package_identification:_identify(src/uros/micro-ROS-Agent/snap/hooks) by extension 'cmake'
[0.267s] Level 1:colcon.colcon_core.package_identification:_identify(src/uros/micro-ROS-Agent/snap/hooks) by extension 'python'
[0.267s] Level 1:colcon.colcon_core.package_identification:_identify(src/uros/micro-ROS-Agent/snap/hooks) by extensions ['python_setup_py']
[0.267s] Level 1:colcon.colcon_core.package_identification:_identify(src/uros/micro-ROS-Agent/snap/hooks) by extension 'python_setup_py'
[0.267s] Level 1:colcon.colcon_core.package_identification:_identify(src/uros/micro-ROS-Agent/snap/local) by extensions ['ignore', 'ignore_ament_install']
[0.268s] Level 1:colcon.colcon_core.package_identification:_identify(src/uros/micro-ROS-Agent/snap/local) by extension 'ignore'
[0.268s] Level 1:colcon.colcon_core.package_identification:_identify(src/uros/micro-ROS-Agent/snap/local) by extension 'ignore_ament_install'
[0.268s] Level 1:colcon.colcon_core.package_identification:_identify(src/uros/micro-ROS-Agent/snap/local) by extensions ['colcon_pkg']
[0.268s] Level 1:colcon.colcon_core.package_identification:_identify(src/uros/micro-ROS-Agent/snap/local) by extension 'colcon_pkg'
[0.268s] Level 1:colcon.colcon_core.package_identification:_identify(src/uros/micro-ROS-Agent/snap/local) by extensions ['colcon_meta']
[0.268s] Level 1:colcon.colcon_core.package_identification:_identify(src/uros/micro-ROS-Agent/snap/local) by extension 'colcon_meta'
[0.268s] Level 1:colcon.colcon_core.package_identification:_identify(src/uros/micro-ROS-Agent/snap/local) by extensions ['ros']
[0.268s] Level 1:colcon.colcon_core.package_identification:_identify(src/uros/micro-ROS-Agent/snap/local) by extension 'ros'
[0.268s] Level 1:colcon.colcon_core.package_identification:_identify(src/uros/micro-ROS-Agent/snap/local) by extensions ['cmake', 'python']
[0.268s] Level 1:colcon.colcon_core.package_identification:_identify(src/uros/micro-ROS-Agent/snap/local) by extension 'cmake'
[0.268s] Level 1:colcon.colcon_core.package_identification:_identify(src/uros/micro-ROS-Agent/snap/local) by extension 'python'
[0.268s] Level 1:colcon.colcon_core.package_identification:_identify(src/uros/micro-ROS-Agent/snap/local) by extensions ['python_setup_py']
[0.268s] Level 1:colcon.colcon_core.package_identification:_identify(src/uros/micro-ROS-Agent/snap/local) by extension 'python_setup_py'
[0.268s] Level 1:colcon.colcon_core.package_identification:_identify(src/uros/micro_ros_msgs) by extensions ['ignore', 'ignore_ament_install']
[0.268s] Level 1:colcon.colcon_core.package_identification:_identify(src/uros/micro_ros_msgs) by extension 'ignore'
[0.268s] Level 1:colcon.colcon_core.package_identification:_identify(src/uros/micro_ros_msgs) by extension 'ignore_ament_install'
[0.268s] Level 1:colcon.colcon_core.package_identification:_identify(src/uros/micro_ros_msgs) by extensions ['colcon_pkg']
[0.268s] Level 1:colcon.colcon_core.package_identification:_identify(src/uros/micro_ros_msgs) by extension 'colcon_pkg'
[0.268s] Level 1:colcon.colcon_core.package_identification:_identify(src/uros/micro_ros_msgs) by extensions ['colcon_meta']
[0.268s] Level 1:colcon.colcon_core.package_identification:_identify(src/uros/micro_ros_msgs) by extension 'colcon_meta'
[0.268s] Level 1:colcon.colcon_core.package_identification:_identify(src/uros/micro_ros_msgs) by extensions ['ros']
[0.268s] Level 1:colcon.colcon_core.package_identification:_identify(src/uros/micro_ros_msgs) by extension 'ros'
[0.269s] DEBUG:colcon.colcon_core.package_identification:Package 'src/uros/micro_ros_msgs' with type 'ros.ament_cmake' and name 'micro_ros_msgs'
[0.269s] Level 1:colcon.colcon_core.package_discovery:discover_packages(recursive) using defaults
[0.269s] Level 1:colcon.colcon_core.package_discovery:discover_packages(ignore) discover
[0.269s] Level 1:colcon.colcon_core.package_discovery:discover_packages(ignore) using defaults
[0.269s] Level 1:colcon.colcon_core.package_discovery:discover_packages(path) discover
[0.269s] Level 1:colcon.colcon_core.package_discovery:discover_packages(path) using defaults
[0.287s] INFO:colcon.colcon_core.package_selection:Skipping package 'micro_ros_setup' in 'src/micro_ros_setup'
[0.287s] Level 1:colcon.colcon_core.package_discovery:discover_packages(prefix_path) check parameters
[0.287s] Level 1:colcon.colcon_core.package_discovery:discover_packages(prefix_path) discover
[0.289s] DEBUG:colcon.colcon_installed_package_information.package_discovery:Found 1 installed packages in /home/hesham/hexapod_ws/install
[0.290s] DEBUG:colcon.colcon_installed_package_information.package_discovery:Found 271 installed packages in /opt/ros/humble
[0.292s] Level 1:colcon.colcon_core.package_discovery:discover_packages(prefix_path) using defaults
[0.336s] Level 5:colcon.colcon_core.verb:set package 'micro_ros_msgs' build argument 'cmake_args' from command line to '['-DUAGENT_BUILD_EXECUTABLE=OFF', '-DUAGENT_P2P_PROFILE=OFF', '--no-warn-unused-cli']'
[0.336s] Level 5:colcon.colcon_core.verb:set package 'micro_ros_msgs' build argument 'cmake_target' from command line to 'None'
[0.336s] Level 5:colcon.colcon_core.verb:set package 'micro_ros_msgs' build argument 'cmake_target_skip_unavailable' from command line to 'False'
[0.336s] Level 5:colcon.colcon_core.verb:set package 'micro_ros_msgs' build argument 'cmake_clean_cache' from command line to 'False'
[0.336s] Level 5:colcon.colcon_core.verb:set package 'micro_ros_msgs' build argument 'cmake_clean_first' from command line to 'False'
[0.336s] Level 5:colcon.colcon_core.verb:set package 'micro_ros_msgs' build argument 'cmake_force_configure' from command line to 'False'
[0.336s] Level 5:colcon.colcon_core.verb:set package 'micro_ros_msgs' build argument 'ament_cmake_args' from command line to 'None'
[0.336s] Level 5:colcon.colcon_core.verb:set package 'micro_ros_msgs' build argument 'catkin_cmake_args' from command line to 'None'
[0.336s] Level 5:colcon.colcon_core.verb:set package 'micro_ros_msgs' build argument 'catkin_skip_building_tests' from command line to 'False'
[0.336s] DEBUG:colcon.colcon_core.verb:Building package 'micro_ros_msgs' with the following arguments: {'ament_cmake_args': None, 'build_base': '/home/hesham/hexapod_ws/build/micro_ros_msgs', 'catkin_cmake_args': None, 'catkin_skip_building_tests': False, 'cmake_args': ['-DUAGENT_BUILD_EXECUTABLE=OFF', '-DUAGENT_P2P_PROFILE=OFF', '--no-warn-unused-cli'], 'cmake_clean_cache': False, 'cmake_clean_first': False, 'cmake_force_configure': False, 'cmake_target': None, 'cmake_target_skip_unavailable': False, 'install_base': '/home/hesham/hexapod_ws/install/micro_ros_msgs', 'merge_install': False, 'path': '/home/hesham/hexapod_ws/src/uros/micro_ros_msgs', 'symlink_install': False, 'test_result_base': None}
[0.336s] Level 5:colcon.colcon_core.verb:set package 'micro_ros_agent' build argument 'cmake_args' from command line to '['-DUAGENT_BUILD_EXECUTABLE=OFF', '-DUAGENT_P2P_PROFILE=OFF', '--no-warn-unused-cli']'
[0.336s] Level 5:colcon.colcon_core.verb:set package 'micro_ros_agent' build argument 'cmake_target' from command line to 'None'
[0.336s] Level 5:colcon.colcon_core.verb:set package 'micro_ros_agent' build argument 'cmake_target_skip_unavailable' from command line to 'False'
[0.336s] Level 5:colcon.colcon_core.verb:set package 'micro_ros_agent' build argument 'cmake_clean_cache' from command line to 'False'
[0.336s] Level 5:colcon.colcon_core.verb:set package 'micro_ros_agent' build argument 'cmake_clean_first' from command line to 'False'
[0.336s] Level 5:colcon.colcon_core.verb:set package 'micro_ros_agent' build argument 'cmake_force_configure' from command line to 'False'
[0.336s] Level 5:colcon.colcon_core.verb:set package 'micro_ros_agent' build argument 'ament_cmake_args' from command line to 'None'
[0.336s] Level 5:colcon.colcon_core.verb:set package 'micro_ros_agent' build argument 'catkin_cmake_args' from command line to 'None'
[0.336s] Level 5:colcon.colcon_core.verb:set package 'micro_ros_agent' build argument 'catkin_skip_building_tests' from command line to 'False'
[0.336s] DEBUG:colcon.colcon_core.verb:Building package 'micro_ros_agent' with the following arguments: {'ament_cmake_args': None, 'build_base': '/home/hesham/hexapod_ws/build/micro_ros_agent', 'catkin_cmake_args': None, 'catkin_skip_building_tests': False, 'cmake_args': ['-DUAGENT_BUILD_EXECUTABLE=OFF', '-DUAGENT_P2P_PROFILE=OFF', '--no-warn-unused-cli'], 'cmake_clean_cache': False, 'cmake_clean_first': False, 'cmake_force_configure': False, 'cmake_target': None, 'cmake_target_skip_unavailable': False, 'install_base': '/home/hesham/hexapod_ws/install/micro_ros_agent', 'merge_install': False, 'path': '/home/hesham/hexapod_ws/src/uros/micro-ROS-Agent/micro_ros_agent', 'symlink_install': False, 'test_result_base': None}
[0.337s] INFO:colcon.colcon_core.executor:Executing jobs using 'parallel' executor
[0.337s] DEBUG:colcon.colcon_parallel_executor.executor.parallel:run_until_complete
[0.337s] INFO:colcon.colcon_ros.task.ament_cmake.build:Building ROS package in '/home/hesham/hexapod_ws/src/uros/micro_ros_msgs' with build type 'ament_cmake'
[0.338s] INFO:colcon.colcon_cmake.task.cmake.build:Building CMake package in '/home/hesham/hexapod_ws/src/uros/micro_ros_msgs'
[0.339s] INFO:colcon.colcon_core.plugin_system:Skipping extension 'colcon_core.shell.bat': Not used on non-Windows systems
[0.340s] INFO:colcon.colcon_core.shell:Skip shell extension 'powershell' for command environment: Not usable outside of PowerShell
[0.340s] DEBUG:colcon.colcon_core.shell:Skip shell extension 'dsv' for command environment
[0.346s] DEBUG:colcon.colcon_core.event_handler.log_command:Invoking command in '/home/hesham/hexapod_ws/build/micro_ros_msgs': CMAKE_PREFIX_PATH=${CMAKE_PREFIX_PATH}:/opt/ros/humble /usr/bin/cmake /home/hesham/hexapod_ws/src/uros/micro_ros_msgs -DUAGENT_BUILD_EXECUTABLE=OFF -DUAGENT_P2P_PROFILE=OFF --no-warn-unused-cli -DCMAKE_INSTALL_PREFIX=/home/hesham/hexapod_ws/install/micro_ros_msgs
[1.752s] DEBUG:colcon.colcon_core.event_handler.log_command:Invoked command in '/home/hesham/hexapod_ws/build/micro_ros_msgs' returned '0': CMAKE_PREFIX_PATH=${CMAKE_PREFIX_PATH}:/opt/ros/humble /usr/bin/cmake /home/hesham/hexapod_ws/src/uros/micro_ros_msgs -DUAGENT_BUILD_EXECUTABLE=OFF -DUAGENT_P2P_PROFILE=OFF --no-warn-unused-cli -DCMAKE_INSTALL_PREFIX=/home/hesham/hexapod_ws/install/micro_ros_msgs
[1.753s] DEBUG:colcon.colcon_core.event_handler.log_command:Invoking command in '/home/hesham/hexapod_ws/build/micro_ros_msgs': CMAKE_PREFIX_PATH=${CMAKE_PREFIX_PATH}:/opt/ros/humble /usr/bin/cmake --build /home/hesham/hexapod_ws/build/micro_ros_msgs -- -j8 -l8
[4.854s] DEBUG:colcon.colcon_core.event_handler.log_command:Invoked command in '/home/hesham/hexapod_ws/build/micro_ros_msgs' returned '0': CMAKE_PREFIX_PATH=${CMAKE_PREFIX_PATH}:/opt/ros/humble /usr/bin/cmake --build /home/hesham/hexapod_ws/build/micro_ros_msgs -- -j8 -l8
[4.864s] DEBUG:colcon.colcon_core.event_handler.log_command:Invoking command in '/home/hesham/hexapod_ws/build/micro_ros_msgs': CMAKE_PREFIX_PATH=${CMAKE_PREFIX_PATH}:/opt/ros/humble /usr/bin/cmake --install /home/hesham/hexapod_ws/build/micro_ros_msgs
[4.937s] Level 1:colcon.colcon_core.environment:create_environment_scripts_only(micro_ros_msgs)
[4.938s] DEBUG:colcon.colcon_core.event_handler.log_command:Invoked command in '/home/hesham/hexapod_ws/build/micro_ros_msgs' returned '0': CMAKE_PREFIX_PATH=${CMAKE_PREFIX_PATH}:/opt/ros/humble /usr/bin/cmake --install /home/hesham/hexapod_ws/build/micro_ros_msgs
[4.940s] Level 1:colcon.colcon_core.environment:checking '/home/hesham/hexapod_ws/install/micro_ros_msgs' for CMake module files
[4.941s] Level 1:colcon.colcon_core.environment:checking '/home/hesham/hexapod_ws/install/micro_ros_msgs' for CMake config files
[4.941s] Level 1:colcon.colcon_core.shell:create_environment_hook('micro_ros_msgs', 'cmake_prefix_path')
[4.941s] INFO:colcon.colcon_core.shell:Creating environment hook '/home/hesham/hexapod_ws/install/micro_ros_msgs/share/micro_ros_msgs/hook/cmake_prefix_path.ps1'
[4.942s] INFO:colcon.colcon_core.shell:Creating environment descriptor '/home/hesham/hexapod_ws/install/micro_ros_msgs/share/micro_ros_msgs/hook/cmake_prefix_path.dsv'
[4.942s] INFO:colcon.colcon_core.shell:Creating environment hook '/home/hesham/hexapod_ws/install/micro_ros_msgs/share/micro_ros_msgs/hook/cmake_prefix_path.sh'
[4.943s] Level 1:colcon.colcon_core.environment:checking '/home/hesham/hexapod_ws/install/micro_ros_msgs/lib'
[4.943s] Level 1:colcon.colcon_core.shell:create_environment_hook('micro_ros_msgs', 'ld_library_path_lib')
[4.943s] INFO:colcon.colcon_core.shell:Creating environment hook '/home/hesham/hexapod_ws/install/micro_ros_msgs/share/micro_ros_msgs/hook/ld_library_path_lib.ps1'
[4.943s] INFO:colcon.colcon_core.shell:Creating environment descriptor '/home/hesham/hexapod_ws/install/micro_ros_msgs/share/micro_ros_msgs/hook/ld_library_path_lib.dsv'
[4.944s] INFO:colcon.colcon_core.shell:Creating environment hook '/home/hesham/hexapod_ws/install/micro_ros_msgs/share/micro_ros_msgs/hook/ld_library_path_lib.sh'
[4.944s] Level 1:colcon.colcon_core.environment:checking '/home/hesham/hexapod_ws/install/micro_ros_msgs/bin'
[4.944s] Level 1:colcon.colcon_core.environment:checking '/home/hesham/hexapod_ws/install/micro_ros_msgs/lib/pkgconfig/micro_ros_msgs.pc'
[4.944s] Level 1:colcon.colcon_core.environment:checking '/home/hesham/hexapod_ws/install/micro_ros_msgs/lib/python3.10/site-packages'
[4.944s] Level 1:colcon.colcon_core.environment:checking '/home/hesham/hexapod_ws/install/micro_ros_msgs/bin'
[4.945s] INFO:colcon.colcon_core.shell:Creating package script '/home/hesham/hexapod_ws/install/micro_ros_msgs/share/micro_ros_msgs/package.ps1'
[4.946s] INFO:colcon.colcon_core.shell:Creating package descriptor '/home/hesham/hexapod_ws/install/micro_ros_msgs/share/micro_ros_msgs/package.dsv'
[4.946s] INFO:colcon.colcon_core.shell:Creating package script '/home/hesham/hexapod_ws/install/micro_ros_msgs/share/micro_ros_msgs/package.sh'
[4.947s] INFO:colcon.colcon_core.shell:Creating package script '/home/hesham/hexapod_ws/install/micro_ros_msgs/share/micro_ros_msgs/package.bash'
[4.947s] INFO:colcon.colcon_core.shell:Creating package script '/home/hesham/hexapod_ws/install/micro_ros_msgs/share/micro_ros_msgs/package.zsh'
[4.948s] Level 1:colcon.colcon_core.environment:create_file_with_runtime_dependencies(/home/hesham/hexapod_ws/install/micro_ros_msgs/share/colcon-core/packages/micro_ros_msgs)
[4.949s] Level 1:colcon.colcon_core.environment:create_environment_scripts_only(micro_ros_msgs)
[4.949s] Level 1:colcon.colcon_core.environment:checking '/home/hesham/hexapod_ws/install/micro_ros_msgs' for CMake module files
[4.949s] Level 1:colcon.colcon_core.environment:checking '/home/hesham/hexapod_ws/install/micro_ros_msgs' for CMake config files
[4.950s] Level 1:colcon.colcon_core.shell:create_environment_hook('micro_ros_msgs', 'cmake_prefix_path')
[4.950s] INFO:colcon.colcon_core.shell:Creating environment hook '/home/hesham/hexapod_ws/install/micro_ros_msgs/share/micro_ros_msgs/hook/cmake_prefix_path.ps1'
[4.950s] INFO:colcon.colcon_core.shell:Creating environment descriptor '/home/hesham/hexapod_ws/install/micro_ros_msgs/share/micro_ros_msgs/hook/cmake_prefix_path.dsv'
[4.951s] INFO:colcon.colcon_core.shell:Creating environment hook '/home/hesham/hexapod_ws/install/micro_ros_msgs/share/micro_ros_msgs/hook/cmake_prefix_path.sh'
[4.951s] Level 1:colcon.colcon_core.environment:checking '/home/hesham/hexapod_ws/install/micro_ros_msgs/lib'
[4.951s] Level 1:colcon.colcon_core.shell:create_environment_hook('micro_ros_msgs', 'ld_library_path_lib')
[4.951s] INFO:colcon.colcon_core.shell:Creating environment hook '/home/hesham/hexapod_ws/install/micro_ros_msgs/share/micro_ros_msgs/hook/ld_library_path_lib.ps1'
[4.952s] INFO:colcon.colcon_core.shell:Creating environment descriptor '/home/hesham/hexapod_ws/install/micro_ros_msgs/share/micro_ros_msgs/hook/ld_library_path_lib.dsv'
[4.952s] INFO:colcon.colcon_core.shell:Creating environment hook '/home/hesham/hexapod_ws/install/micro_ros_msgs/share/micro_ros_msgs/hook/ld_library_path_lib.sh'
[4.952s] Level 1:colcon.colcon_core.environment:checking '/home/hesham/hexapod_ws/install/micro_ros_msgs/bin'
[4.952s] Level 1:colcon.colcon_core.environment:checking '/home/hesham/hexapod_ws/install/micro_ros_msgs/lib/pkgconfig/micro_ros_msgs.pc'
[4.952s] Level 1:colcon.colcon_core.environment:checking '/home/hesham/hexapod_ws/install/micro_ros_msgs/lib/python3.10/site-packages'
[4.953s] Level 1:colcon.colcon_core.environment:checking '/home/hesham/hexapod_ws/install/micro_ros_msgs/bin'
[4.953s] INFO:colcon.colcon_core.shell:Creating package script '/home/hesham/hexapod_ws/install/micro_ros_msgs/share/micro_ros_msgs/package.ps1'
[4.954s] INFO:colcon.colcon_core.shell:Creating package descriptor '/home/hesham/hexapod_ws/install/micro_ros_msgs/share/micro_ros_msgs/package.dsv'
[4.954s] INFO:colcon.colcon_core.shell:Creating package script '/home/hesham/hexapod_ws/install/micro_ros_msgs/share/micro_ros_msgs/package.sh'
[4.954s] INFO:colcon.colcon_core.shell:Creating package script '/home/hesham/hexapod_ws/install/micro_ros_msgs/share/micro_ros_msgs/package.bash'
[4.955s] INFO:colcon.colcon_core.shell:Creating package script '/home/hesham/hexapod_ws/install/micro_ros_msgs/share/micro_ros_msgs/package.zsh'
[4.955s] Level 1:colcon.colcon_core.environment:create_file_with_runtime_dependencies(/home/hesham/hexapod_ws/install/micro_ros_msgs/share/colcon-core/packages/micro_ros_msgs)
[4.955s] INFO:colcon.colcon_ros.task.ament_cmake.build:Building ROS package in '/home/hesham/hexapod_ws/src/uros/micro-ROS-Agent/micro_ros_agent' with build type 'ament_cmake'
[4.955s] INFO:colcon.colcon_cmake.task.cmake.build:Building CMake package in '/home/hesham/hexapod_ws/src/uros/micro-ROS-Agent/micro_ros_agent'
[4.956s] INFO:colcon.colcon_core.shell:Skip shell extension 'powershell' for command environment: Not usable outside of PowerShell
[4.956s] DEBUG:colcon.colcon_core.shell:Skip shell extension 'dsv' for command environment
[4.965s] DEBUG:colcon.colcon_core.event_handler.log_command:Invoking command in '/home/hesham/hexapod_ws/build/micro_ros_agent': AMENT_PREFIX_PATH=/home/hesham/hexapod_ws/install/micro_ros_msgs:${AMENT_PREFIX_PATH} CMAKE_PREFIX_PATH=/home/hesham/hexapod_ws/install/micro_ros_msgs:/home/hesham/hexapod_ws/install/micro_ros_setup:/opt/ros/humble LD_LIBRARY_PATH=/home/hesham/hexapod_ws/install/micro_ros_msgs/lib:${LD_LIBRARY_PATH} PYTHONPATH=/home/hesham/hexapod_ws/install/micro_ros_msgs/local/lib/python3.10/dist-packages:${PYTHONPATH} /usr/bin/cmake /home/hesham/hexapod_ws/src/uros/micro-ROS-Agent/micro_ros_agent -DUAGENT_BUILD_EXECUTABLE=OFF -DUAGENT_P2P_PROFILE=OFF --no-warn-unused-cli -DCMAKE_INSTALL_PREFIX=/home/hesham/hexapod_ws/install/micro_ros_agent
[5.291s] DEBUG:colcon.colcon_core.event_handler.log_command:Invoked command in '/home/hesham/hexapod_ws/build/micro_ros_agent' returned '0': AMENT_PREFIX_PATH=/home/hesham/hexapod_ws/install/micro_ros_msgs:${AMENT_PREFIX_PATH} CMAKE_PREFIX_PATH=/home/hesham/hexapod_ws/install/micro_ros_msgs:/home/hesham/hexapod_ws/install/micro_ros_setup:/opt/ros/humble LD_LIBRARY_PATH=/home/hesham/hexapod_ws/install/micro_ros_msgs/lib:${LD_LIBRARY_PATH} PYTHONPATH=/home/hesham/hexapod_ws/install/micro_ros_msgs/local/lib/python3.10/dist-packages:${PYTHONPATH} /usr/bin/cmake /home/hesham/hexapod_ws/src/uros/micro-ROS-Agent/micro_ros_agent -DUAGENT_BUILD_EXECUTABLE=OFF -DUAGENT_P2P_PROFILE=OFF --no-warn-unused-cli -DCMAKE_INSTALL_PREFIX=/home/hesham/hexapod_ws/install/micro_ros_agent
[5.292s] DEBUG:colcon.colcon_core.event_handler.log_command:Invoking command in '/home/hesham/hexapod_ws/build/micro_ros_agent': AMENT_PREFIX_PATH=/home/hesham/hexapod_ws/install/micro_ros_msgs:${AMENT_PREFIX_PATH} CMAKE_PREFIX_PATH=/home/hesham/hexapod_ws/install/micro_ros_msgs:/home/hesham/hexapod_ws/install/micro_ros_setup:/opt/ros/humble LD_LIBRARY_PATH=/home/hesham/hexapod_ws/install/micro_ros_msgs/lib:${LD_LIBRARY_PATH} PYTHONPATH=/home/hesham/hexapod_ws/install/micro_ros_msgs/local/lib/python3.10/dist-packages:${PYTHONPATH} /usr/bin/cmake --build /home/hesham/hexapod_ws/build/micro_ros_agent -- -j8 -l8
[44.419s] DEBUG:colcon.colcon_core.event_handler.log_command:Invoked command in '/home/hesham/hexapod_ws/build/micro_ros_agent' returned '0': AMENT_PREFIX_PATH=/home/hesham/hexapod_ws/install/micro_ros_msgs:${AMENT_PREFIX_PATH} CMAKE_PREFIX_PATH=/home/hesham/hexapod_ws/install/micro_ros_msgs:/home/hesham/hexapod_ws/install/micro_ros_setup:/opt/ros/humble LD_LIBRARY_PATH=/home/hesham/hexapod_ws/install/micro_ros_msgs/lib:${LD_LIBRARY_PATH} PYTHONPATH=/home/hesham/hexapod_ws/install/micro_ros_msgs/local/lib/python3.10/dist-packages:${PYTHONPATH} /usr/bin/cmake --build /home/hesham/hexapod_ws/build/micro_ros_agent -- -j8 -l8
[44.421s] DEBUG:colcon.colcon_core.event_handler.log_command:Invoking command in '/home/hesham/hexapod_ws/build/micro_ros_agent': AMENT_PREFIX_PATH=/home/hesham/hexapod_ws/install/micro_ros_msgs:${AMENT_PREFIX_PATH} CMAKE_PREFIX_PATH=/home/hesham/hexapod_ws/install/micro_ros_msgs:/home/hesham/hexapod_ws/install/micro_ros_setup:/opt/ros/humble LD_LIBRARY_PATH=/home/hesham/hexapod_ws/install/micro_ros_msgs/lib:${LD_LIBRARY_PATH} PYTHONPATH=/home/hesham/hexapod_ws/install/micro_ros_msgs/local/lib/python3.10/dist-packages:${PYTHONPATH} /usr/bin/cmake --install /home/hesham/hexapod_ws/build/micro_ros_agent
[44.434s] Level 1:colcon.colcon_core.environment:create_environment_scripts_only(micro_ros_agent)
[44.435s] Level 1:colcon.colcon_core.environment:checking '/home/hesham/hexapod_ws/install/micro_ros_agent' for CMake module files
[44.435s] DEBUG:colcon.colcon_core.event_handler.log_command:Invoked command in '/home/hesham/hexapod_ws/build/micro_ros_agent' returned '0': AMENT_PREFIX_PATH=/home/hesham/hexapod_ws/install/micro_ros_msgs:${AMENT_PREFIX_PATH} CMAKE_PREFIX_PATH=/home/hesham/hexapod_ws/install/micro_ros_msgs:/home/hesham/hexapod_ws/install/micro_ros_setup:/opt/ros/humble LD_LIBRARY_PATH=/home/hesham/hexapod_ws/install/micro_ros_msgs/lib:${LD_LIBRARY_PATH} PYTHONPATH=/home/hesham/hexapod_ws/install/micro_ros_msgs/local/lib/python3.10/dist-packages:${PYTHONPATH} /usr/bin/cmake --install /home/hesham/hexapod_ws/build/micro_ros_agent
[44.436s] Level 1:colcon.colcon_core.environment:checking '/home/hesham/hexapod_ws/install/micro_ros_agent' for CMake config files
[44.437s] Level 1:colcon.colcon_core.shell:create_environment_hook('micro_ros_agent', 'cmake_prefix_path')
[44.437s] INFO:colcon.colcon_core.shell:Creating environment hook '/home/hesham/hexapod_ws/install/micro_ros_agent/share/micro_ros_agent/hook/cmake_prefix_path.ps1'
[44.437s] INFO:colcon.colcon_core.shell:Creating environment descriptor '/home/hesham/hexapod_ws/install/micro_ros_agent/share/micro_ros_agent/hook/cmake_prefix_path.dsv'
[44.438s] INFO:colcon.colcon_core.shell:Creating environment hook '/home/hesham/hexapod_ws/install/micro_ros_agent/share/micro_ros_agent/hook/cmake_prefix_path.sh'
[44.438s] Level 1:colcon.colcon_core.environment:checking '/home/hesham/hexapod_ws/install/micro_ros_agent/lib'
[44.438s] Level 1:colcon.colcon_core.shell:create_environment_hook('micro_ros_agent', 'ld_library_path_lib')
[44.438s] INFO:colcon.colcon_core.shell:Creating environment hook '/home/hesham/hexapod_ws/install/micro_ros_agent/share/micro_ros_agent/hook/ld_library_path_lib.ps1'
[44.439s] INFO:colcon.colcon_core.shell:Creating environment descriptor '/home/hesham/hexapod_ws/install/micro_ros_agent/share/micro_ros_agent/hook/ld_library_path_lib.dsv'
[44.439s] INFO:colcon.colcon_core.shell:Creating environment hook '/home/hesham/hexapod_ws/install/micro_ros_agent/share/micro_ros_agent/hook/ld_library_path_lib.sh'
[44.439s] Level 1:colcon.colcon_core.environment:checking '/home/hesham/hexapod_ws/install/micro_ros_agent/bin'
[44.439s] Level 1:colcon.colcon_core.environment:checking '/home/hesham/hexapod_ws/install/micro_ros_agent/lib/pkgconfig/micro_ros_agent.pc'
[44.440s] Level 1:colcon.colcon_core.environment:checking '/home/hesham/hexapod_ws/install/micro_ros_agent/lib/python3.10/site-packages'
[44.440s] Level 1:colcon.colcon_core.environment:checking '/home/hesham/hexapod_ws/install/micro_ros_agent/bin'
[44.440s] INFO:colcon.colcon_core.shell:Creating package script '/home/hesham/hexapod_ws/install/micro_ros_agent/share/micro_ros_agent/package.ps1'
[44.441s] INFO:colcon.colcon_core.shell:Creating package descriptor '/home/hesham/hexapod_ws/install/micro_ros_agent/share/micro_ros_agent/package.dsv'
[44.441s] INFO:colcon.colcon_core.shell:Creating package script '/home/hesham/hexapod_ws/install/micro_ros_agent/share/micro_ros_agent/package.sh'
[44.441s] INFO:colcon.colcon_core.shell:Creating package script '/home/hesham/hexapod_ws/install/micro_ros_agent/share/micro_ros_agent/package.bash'
[44.442s] INFO:colcon.colcon_core.shell:Creating package script '/home/hesham/hexapod_ws/install/micro_ros_agent/share/micro_ros_agent/package.zsh'
[44.442s] Level 1:colcon.colcon_core.environment:create_file_with_runtime_dependencies(/home/hesham/hexapod_ws/install/micro_ros_agent/share/colcon-core/packages/micro_ros_agent)
[44.443s] Level 1:colcon.colcon_core.environment:create_environment_scripts_only(micro_ros_agent)
[44.443s] Level 1:colcon.colcon_core.environment:checking '/home/hesham/hexapod_ws/install/micro_ros_agent' for CMake module files
[44.443s] Level 1:colcon.colcon_core.environment:checking '/home/hesham/hexapod_ws/install/micro_ros_agent' for CMake config files
[44.444s] Level 1:colcon.colcon_core.shell:create_environment_hook('micro_ros_agent', 'cmake_prefix_path')
[44.444s] INFO:colcon.colcon_core.shell:Creating environment hook '/home/hesham/hexapod_ws/install/micro_ros_agent/share/micro_ros_agent/hook/cmake_prefix_path.ps1'
[44.445s] INFO:colcon.colcon_core.shell:Creating environment descriptor '/home/hesham/hexapod_ws/install/micro_ros_agent/share/micro_ros_agent/hook/cmake_prefix_path.dsv'
[44.445s] INFO:colcon.colcon_core.shell:Creating environment hook '/home/hesham/hexapod_ws/install/micro_ros_agent/share/micro_ros_agent/hook/cmake_prefix_path.sh'
[44.445s] Level 1:colcon.colcon_core.environment:checking '/home/hesham/hexapod_ws/install/micro_ros_agent/lib'
[44.445s] Level 1:colcon.colcon_core.shell:create_environment_hook('micro_ros_agent', 'ld_library_path_lib')
[44.446s] INFO:colcon.colcon_core.shell:Creating environment hook '/home/hesham/hexapod_ws/install/micro_ros_agent/share/micro_ros_agent/hook/ld_library_path_lib.ps1'
[44.446s] INFO:colcon.colcon_core.shell:Creating environment descriptor '/home/hesham/hexapod_ws/install/micro_ros_agent/share/micro_ros_agent/hook/ld_library_path_lib.dsv'
[44.446s] INFO:colcon.colcon_core.shell:Creating environment hook '/home/hesham/hexapod_ws/install/micro_ros_agent/share/micro_ros_agent/hook/ld_library_path_lib.sh'
[44.447s] Level 1:colcon.colcon_core.environment:checking '/home/hesham/hexapod_ws/install/micro_ros_agent/bin'
[44.447s] Level 1:colcon.colcon_core.environment:checking '/home/hesham/hexapod_ws/install/micro_ros_agent/lib/pkgconfig/micro_ros_agent.pc'
[44.447s] Level 1:colcon.colcon_core.environment:checking '/home/hesham/hexapod_ws/install/micro_ros_agent/lib/python3.10/site-packages'
[44.447s] Level 1:colcon.colcon_core.environment:checking '/home/hesham/hexapod_ws/install/micro_ros_agent/bin'
[44.447s] INFO:colcon.colcon_core.shell:Creating package script '/home/hesham/hexapod_ws/install/micro_ros_agent/share/micro_ros_agent/package.ps1'
[44.448s] INFO:colcon.colcon_core.shell:Creating package descriptor '/home/hesham/hexapod_ws/install/micro_ros_agent/share/micro_ros_agent/package.dsv'
[44.448s] INFO:colcon.colcon_core.shell:Creating package script '/home/hesham/hexapod_ws/install/micro_ros_agent/share/micro_ros_agent/package.sh'
[44.449s] INFO:colcon.colcon_core.shell:Creating package script '/home/hesham/hexapod_ws/install/micro_ros_agent/share/micro_ros_agent/package.bash'
[44.449s] INFO:colcon.colcon_core.shell:Creating package script '/home/hesham/hexapod_ws/install/micro_ros_agent/share/micro_ros_agent/package.zsh'
[44.449s] Level 1:colcon.colcon_core.environment:create_file_with_runtime_dependencies(/home/hesham/hexapod_ws/install/micro_ros_agent/share/colcon-core/packages/micro_ros_agent)
[44.450s] DEBUG:colcon.colcon_parallel_executor.executor.parallel:closing loop
[44.450s] DEBUG:colcon.colcon_parallel_executor.executor.parallel:loop closed
[44.450s] DEBUG:colcon.colcon_parallel_executor.executor.parallel:run_until_complete finished with '0'
[44.450s] DEBUG:colcon.colcon_core.event_reactor:joining thread
[44.455s] INFO:colcon.colcon_core.plugin_system:Skipping extension 'colcon_notification.desktop_notification.terminal_notifier': Not used on non-Darwin systems
[44.455s] INFO:colcon.colcon_core.plugin_system:Skipping extension 'colcon_notification.desktop_notification.win32': Not used on non-Windows systems
[44.455s] INFO:colcon.colcon_notification.desktop_notification:Sending desktop notification using 'notify2'
[44.465s] DEBUG:colcon.colcon_core.event_reactor:joined thread
[44.466s] INFO:colcon.colcon_core.shell:Creating prefix script '/home/hesham/hexapod_ws/install/local_setup.ps1'
[44.467s] INFO:colcon.colcon_core.shell:Creating prefix util module '/home/hesham/hexapod_ws/install/_local_setup_util_ps1.py'
[44.468s] INFO:colcon.colcon_core.shell:Creating prefix chain script '/home/hesham/hexapod_ws/install/setup.ps1'
[44.470s] INFO:colcon.colcon_core.shell:Creating prefix script '/home/hesham/hexapod_ws/install/local_setup.sh'
[44.470s] INFO:colcon.colcon_core.shell:Creating prefix util module '/home/hesham/hexapod_ws/install/_local_setup_util_sh.py'
[44.471s] INFO:colcon.colcon_core.shell:Creating prefix chain script '/home/hesham/hexapod_ws/install/setup.sh'
[44.472s] INFO:colcon.colcon_core.shell:Creating prefix script '/home/hesham/hexapod_ws/install/local_setup.bash'
[44.472s] INFO:colcon.colcon_core.shell:Creating prefix chain script '/home/hesham/hexapod_ws/install/setup.bash'
[44.473s] INFO:colcon.colcon_core.shell:Creating prefix script '/home/hesham/hexapod_ws/install/local_setup.zsh'
[44.473s] INFO:colcon.colcon_core.shell:Creating prefix chain script '/home/hesham/hexapod_ws/install/setup.zsh'
