[0.008s] Invoking command in '/home/hesham/hexapod_ws/build/micro_ros_msgs': CMAKE_PREFIX_PATH=${CMAKE_PREFIX_PATH}:/opt/ros/humble /usr/bin/cmake /home/hesham/hexapod_ws/src/uros/micro_ros_msgs -DUAGENT_BUILD_EXECUTABLE=OFF -DUAGENT_P2P_PROFILE=OFF --no-warn-unused-cli -DCMAKE_INSTALL_PREFIX=/home/hesham/hexapod_ws/install/micro_ros_msgs
[0.016s] Not searching for unused variables given on the command line.
[0.063s] -- The C compiler identification is GNU 11.4.0
[0.118s] -- The CXX compiler identification is GNU 11.4.0
[0.125s] -- Detecting C compiler ABI info
[0.193s] -- Detecting C compiler ABI info - done
[0.201s] -- Check for working C compiler: /usr/bin/cc - skipped
[0.201s] -- Detecting C compile features
[0.201s] -- Detecting C compile features - done
[0.204s] -- Detecting CXX compiler ABI info
[0.285s] -- Detecting CXX compiler ABI info - done
[0.292s] -- Check for working CXX compiler: /usr/bin/c++ - skipped
[0.292s] -- Detecting CXX compile features
[0.293s] -- Detecting CXX compile features - done
[0.295s] -- Found ament_cmake: 1.3.11 (/opt/ros/humble/share/ament_cmake/cmake)
[0.438s] -- Found Python3: /usr/bin/python3 (found version "3.10.12") found components: Interpreter 
[0.523s] -- Found rosidl_default_generators: 1.2.0 (/opt/ros/humble/share/rosidl_default_generators/cmake)
[0.525s] -- Using all available rosidl_typesupport_c: rosidl_typesupport_fastrtps_c;rosidl_typesupport_introspection_c
[0.531s] -- Found rosidl_adapter: 3.1.6 (/opt/ros/humble/share/rosidl_adapter/cmake)
[0.571s] -- Using all available rosidl_typesupport_cpp: rosidl_typesupport_fastrtps_cpp;rosidl_typesupport_introspection_cpp
[0.605s] -- Found ament_lint_auto: 0.12.11 (/opt/ros/humble/share/ament_lint_auto/cmake)
[0.860s] -- Found ament_cmake_ros: 0.10.0 (/opt/ros/humble/share/ament_cmake_ros/cmake)
[1.028s] -- Using all available rosidl_typesupport_c: rosidl_typesupport_fastrtps_c;rosidl_typesupport_introspection_c
[1.247s] -- Using all available rosidl_typesupport_cpp: rosidl_typesupport_fastrtps_cpp;rosidl_typesupport_introspection_cpp
[1.269s] -- Found PythonInterp: /usr/bin/python3 (found suitable version "3.10.12", minimum required is "3.6") 
[1.270s] -- Found python_cmake_module: 0.10.0 (/opt/ros/humble/share/python_cmake_module/cmake)
[1.294s] -- Found PythonLibs: /usr/lib/x86_64-linux-gnu/libpython3.10.so (found suitable version "3.10.12", minimum required is "3.5") 
[1.295s] -- Using PYTHON_EXECUTABLE: /usr/bin/python3
[1.295s] -- Using PYTHON_INCLUDE_DIRS: /usr/include/python3.10
[1.295s] -- Using PYTHON_LIBRARIES: /usr/lib/x86_64-linux-gnu/libpython3.10.so
[1.314s] -- Found PythonExtra: .so  
[1.346s] -- Added test 'copyright' to check source files copyright and LICENSE
[1.355s] -- Added test 'lint_cmake' to check CMake code style
[1.360s] -- Added test 'xmllint' to check XML markup files
[1.365s] -- Configuring done
[1.397s] -- Generating done
[1.407s] -- Build files have been written to: /home/hesham/hexapod_ws/build/micro_ros_msgs
[1.414s] Invoked command in '/home/hesham/hexapod_ws/build/micro_ros_msgs' returned '0': CMAKE_PREFIX_PATH=${CMAKE_PREFIX_PATH}:/opt/ros/humble /usr/bin/cmake /home/hesham/hexapod_ws/src/uros/micro_ros_msgs -DUAGENT_BUILD_EXECUTABLE=OFF -DUAGENT_P2P_PROFILE=OFF --no-warn-unused-cli -DCMAKE_INSTALL_PREFIX=/home/hesham/hexapod_ws/install/micro_ros_msgs
[1.415s] Invoking command in '/home/hesham/hexapod_ws/build/micro_ros_msgs': CMAKE_PREFIX_PATH=${CMAKE_PREFIX_PATH}:/opt/ros/humble /usr/bin/cmake --build /home/hesham/hexapod_ws/build/micro_ros_msgs -- -j8 -l8
[1.462s] [  2%] [34m[1mGenerating C code for ROS interfaces[0m
[1.472s] [  4%] [34m[1mGenerating C++ code for ROS interfaces[0m
[1.483s] [  4%] Built target ament_cmake_python_copy_micro_ros_msgs
[1.706s] running egg_info
[1.707s] creating micro_ros_msgs.egg-info
[1.707s] writing micro_ros_msgs.egg-info/PKG-INFO
[1.707s] writing dependency_links to micro_ros_msgs.egg-info/dependency_links.txt
[1.708s] writing top-level names to micro_ros_msgs.egg-info/top_level.txt
[1.708s] writing manifest file 'micro_ros_msgs.egg-info/SOURCES.txt'
[1.710s] reading manifest file 'micro_ros_msgs.egg-info/SOURCES.txt'
[1.710s] writing manifest file 'micro_ros_msgs.egg-info/SOURCES.txt'
[1.735s] [  4%] Built target ament_cmake_python_build_micro_ros_msgs_egg
[1.823s] [  4%] Built target micro_ros_msgs__cpp
[1.836s] [  6%] [34m[1mGenerating C++ type support dispatch for ROS interfaces[0m
[1.836s] [  8%] [34m[1mGenerating C++ type support for eProsima Fast-RTPS[0m
[1.840s] [ 10%] [34m[1mGenerating C++ introspection for ROS interfaces[0m
[1.862s] [ 12%] [32mBuilding C object CMakeFiles/micro_ros_msgs__rosidl_generator_c.dir/rosidl_generator_c/micro_ros_msgs/msg/detail/entity__functions.c.o[0m
[1.862s] [ 14%] [32mBuilding C object CMakeFiles/micro_ros_msgs__rosidl_generator_c.dir/rosidl_generator_c/micro_ros_msgs/msg/detail/node__functions.c.o[0m
[1.864s] [ 17%] [32mBuilding C object CMakeFiles/micro_ros_msgs__rosidl_generator_c.dir/rosidl_generator_c/micro_ros_msgs/msg/detail/graph__functions.c.o[0m
[1.930s] [ 19%] [32m[1mLinking C shared library libmicro_ros_msgs__rosidl_generator_c.so[0m
[1.968s] [ 19%] Built target micro_ros_msgs__rosidl_generator_c
[1.980s] [ 21%] [34m[1mGenerating C type support for eProsima Fast-RTPS[0m
[1.981s] [ 23%] [34m[1mGenerating C introspection for ROS interfaces[0m
[1.982s] [ 25%] [34m[1mGenerating C type support dispatch for ROS interfaces[0m
[2.282s] [ 29%] [32mBuilding CXX object CMakeFiles/micro_ros_msgs__rosidl_typesupport_c.dir/rosidl_typesupport_c/micro_ros_msgs/msg/graph__type_support.cpp.o[0m
[2.282s] [ 29%] [32mBuilding CXX object CMakeFiles/micro_ros_msgs__rosidl_typesupport_c.dir/rosidl_typesupport_c/micro_ros_msgs/msg/node__type_support.cpp.o[0m
[2.286s] [ 31%] [32mBuilding CXX object CMakeFiles/micro_ros_msgs__rosidl_typesupport_c.dir/rosidl_typesupport_c/micro_ros_msgs/msg/entity__type_support.cpp.o[0m
[2.305s] [ 34%] [32mBuilding CXX object CMakeFiles/micro_ros_msgs__rosidl_typesupport_introspection_cpp.dir/rosidl_typesupport_introspection_cpp/micro_ros_msgs/msg/detail/graph__type_support.cpp.o[0m
[2.325s] [ 36%] [32mBuilding CXX object CMakeFiles/micro_ros_msgs__rosidl_typesupport_introspection_cpp.dir/rosidl_typesupport_introspection_cpp/micro_ros_msgs/msg/detail/node__type_support.cpp.o[0m
[2.333s] [ 40%] [32mBuilding CXX object CMakeFiles/micro_ros_msgs__rosidl_typesupport_cpp.dir/rosidl_typesupport_cpp/micro_ros_msgs/msg/graph__type_support.cpp.o[0m
[2.333s] [ 40%] [32mBuilding CXX object CMakeFiles/micro_ros_msgs__rosidl_typesupport_introspection_cpp.dir/rosidl_typesupport_introspection_cpp/micro_ros_msgs/msg/detail/entity__type_support.cpp.o[0m
[2.337s] [ 42%] [32m[1mLinking CXX shared library libmicro_ros_msgs__rosidl_typesupport_c.so[0m
[2.411s] [ 42%] Built target micro_ros_msgs__rosidl_typesupport_c
[2.424s] [ 44%] [32mBuilding CXX object CMakeFiles/micro_ros_msgs__rosidl_typesupport_cpp.dir/rosidl_typesupport_cpp/micro_ros_msgs/msg/node__type_support.cpp.o[0m
[2.431s] [ 46%] [32mBuilding CXX object CMakeFiles/micro_ros_msgs__rosidl_typesupport_fastrtps_c.dir/rosidl_typesupport_fastrtps_c/micro_ros_msgs/msg/detail/graph__type_support_c.cpp.o[0m
[2.462s] [ 48%] [32mBuilding CXX object CMakeFiles/micro_ros_msgs__rosidl_typesupport_fastrtps_cpp.dir/rosidl_typesupport_fastrtps_cpp/micro_ros_msgs/msg/detail/dds_fastrtps/graph__type_support.cpp.o[0m
[2.642s] [ 51%] [32mBuilding C object CMakeFiles/micro_ros_msgs__rosidl_typesupport_introspection_c.dir/rosidl_typesupport_introspection_c/micro_ros_msgs/msg/detail/graph__type_support.c.o[0m
[2.706s] [ 53%] [32mBuilding C object CMakeFiles/micro_ros_msgs__rosidl_typesupport_introspection_c.dir/rosidl_typesupport_introspection_c/micro_ros_msgs/msg/detail/node__type_support.c.o[0m
[2.759s] [ 55%] [32mBuilding C object CMakeFiles/micro_ros_msgs__rosidl_typesupport_introspection_c.dir/rosidl_typesupport_introspection_c/micro_ros_msgs/msg/detail/entity__type_support.c.o[0m
[2.774s] [ 57%] [32mBuilding CXX object CMakeFiles/micro_ros_msgs__rosidl_typesupport_fastrtps_c.dir/rosidl_typesupport_fastrtps_c/micro_ros_msgs/msg/detail/node__type_support_c.cpp.o[0m
[2.820s] [ 59%] [32m[1mLinking C shared library libmicro_ros_msgs__rosidl_typesupport_introspection_c.so[0m
[2.864s] [ 61%] [32mBuilding CXX object CMakeFiles/micro_ros_msgs__rosidl_typesupport_cpp.dir/rosidl_typesupport_cpp/micro_ros_msgs/msg/entity__type_support.cpp.o[0m
[2.870s] [ 61%] Built target micro_ros_msgs__rosidl_typesupport_introspection_c
[2.885s] [ 63%] [32mBuilding CXX object CMakeFiles/micro_ros_msgs__rosidl_typesupport_fastrtps_cpp.dir/rosidl_typesupport_fastrtps_cpp/micro_ros_msgs/msg/detail/dds_fastrtps/node__type_support.cpp.o[0m
[2.966s] [ 65%] [32mBuilding CXX object CMakeFiles/micro_ros_msgs__rosidl_typesupport_fastrtps_cpp.dir/rosidl_typesupport_fastrtps_cpp/micro_ros_msgs/msg/detail/dds_fastrtps/entity__type_support.cpp.o[0m
[3.008s] [ 68%] [32mBuilding CXX object CMakeFiles/micro_ros_msgs__rosidl_typesupport_fastrtps_c.dir/rosidl_typesupport_fastrtps_c/micro_ros_msgs/msg/detail/entity__type_support_c.cpp.o[0m
[3.141s] [ 70%] [32m[1mLinking CXX shared library libmicro_ros_msgs__rosidl_typesupport_introspection_cpp.so[0m
[3.297s] [ 72%] [32m[1mLinking CXX shared library libmicro_ros_msgs__rosidl_typesupport_cpp.so[0m
[3.297s] [ 72%] Built target micro_ros_msgs__rosidl_typesupport_introspection_cpp
[3.370s] [ 72%] Built target micro_ros_msgs__rosidl_typesupport_cpp
[3.448s] [ 74%] [32m[1mLinking CXX shared library libmicro_ros_msgs__rosidl_typesupport_fastrtps_c.so[0m
[3.550s] [ 76%] [32m[1mLinking CXX shared library libmicro_ros_msgs__rosidl_typesupport_fastrtps_cpp.so[0m
[3.550s] [ 76%] Built target micro_ros_msgs__rosidl_typesupport_fastrtps_c
[3.646s] [ 76%] Built target micro_ros_msgs__rosidl_typesupport_fastrtps_cpp
[3.671s] [ 76%] Built target micro_ros_msgs
[3.696s] [ 78%] [34m[1mGenerating Python code for ROS interfaces[0m
[4.173s] [ 78%] Built target micro_ros_msgs__py
[4.192s] [ 82%] [32mBuilding C object CMakeFiles/micro_ros_msgs__rosidl_generator_py.dir/rosidl_generator_py/micro_ros_msgs/msg/_graph_s.c.o[0m
[4.193s] [ 82%] [32mBuilding C object CMakeFiles/micro_ros_msgs__rosidl_generator_py.dir/rosidl_generator_py/micro_ros_msgs/msg/_node_s.c.o[0m
[4.193s] [ 85%] [32mBuilding C object CMakeFiles/micro_ros_msgs__rosidl_generator_py.dir/rosidl_generator_py/micro_ros_msgs/msg/_entity_s.c.o[0m
[4.298s] [ 87%] [32m[1mLinking C shared library rosidl_generator_py/micro_ros_msgs/libmicro_ros_msgs__rosidl_generator_py.so[0m
[4.337s] [ 87%] Built target micro_ros_msgs__rosidl_generator_py
[4.358s] [ 93%] [32mBuilding C object CMakeFiles/micro_ros_msgs__rosidl_typesupport_introspection_c__pyext.dir/rosidl_generator_py/micro_ros_msgs/_micro_ros_msgs_s.ep.rosidl_typesupport_introspection_c.c.o[0m
[4.358s] [ 93%] [32mBuilding C object CMakeFiles/micro_ros_msgs__rosidl_typesupport_c__pyext.dir/rosidl_generator_py/micro_ros_msgs/_micro_ros_msgs_s.ep.rosidl_typesupport_c.c.o[0m
[4.358s] [ 93%] [32mBuilding C object CMakeFiles/micro_ros_msgs__rosidl_typesupport_fastrtps_c__pyext.dir/rosidl_generator_py/micro_ros_msgs/_micro_ros_msgs_s.ep.rosidl_typesupport_fastrtps_c.c.o[0m
[4.454s] [ 95%] [32m[1mLinking C shared library rosidl_generator_py/micro_ros_msgs/micro_ros_msgs_s__rosidl_typesupport_c.cpython-310-x86_64-linux-gnu.so[0m
[4.455s] [ 97%] [32m[1mLinking C shared library rosidl_generator_py/micro_ros_msgs/micro_ros_msgs_s__rosidl_typesupport_introspection_c.cpython-310-x86_64-linux-gnu.so[0m
[4.468s] [100%] [32m[1mLinking C shared library rosidl_generator_py/micro_ros_msgs/micro_ros_msgs_s__rosidl_typesupport_fastrtps_c.cpython-310-x86_64-linux-gnu.so[0m
[4.489s] [100%] Built target micro_ros_msgs__rosidl_typesupport_introspection_c__pyext
[4.489s] [100%] Built target micro_ros_msgs__rosidl_typesupport_c__pyext
[4.504s] [100%] Built target micro_ros_msgs__rosidl_typesupport_fastrtps_c__pyext
[4.516s] Invoked command in '/home/hesham/hexapod_ws/build/micro_ros_msgs' returned '0': CMAKE_PREFIX_PATH=${CMAKE_PREFIX_PATH}:/opt/ros/humble /usr/bin/cmake --build /home/hesham/hexapod_ws/build/micro_ros_msgs -- -j8 -l8
[4.526s] Invoking command in '/home/hesham/hexapod_ws/build/micro_ros_msgs': CMAKE_PREFIX_PATH=${CMAKE_PREFIX_PATH}:/opt/ros/humble /usr/bin/cmake --install /home/hesham/hexapod_ws/build/micro_ros_msgs
[4.533s] -- Install configuration: ""
[4.533s] -- Installing: /home/hesham/hexapod_ws/install/micro_ros_msgs/share/ament_index/resource_index/rosidl_interfaces/micro_ros_msgs
[4.534s] -- Installing: /home/hesham/hexapod_ws/install/micro_ros_msgs/include/micro_ros_msgs/micro_ros_msgs
[4.534s] -- Installing: /home/hesham/hexapod_ws/install/micro_ros_msgs/include/micro_ros_msgs/micro_ros_msgs/msg
[4.534s] -- Installing: /home/hesham/hexapod_ws/install/micro_ros_msgs/include/micro_ros_msgs/micro_ros_msgs/msg/detail
[4.534s] -- Installing: /home/hesham/hexapod_ws/install/micro_ros_msgs/include/micro_ros_msgs/micro_ros_msgs/msg/detail/entity__functions.c
[4.534s] -- Installing: /home/hesham/hexapod_ws/install/micro_ros_msgs/include/micro_ros_msgs/micro_ros_msgs/msg/detail/node__struct.h
[4.534s] -- Installing: /home/hesham/hexapod_ws/install/micro_ros_msgs/include/micro_ros_msgs/micro_ros_msgs/msg/detail/graph__functions.h
[4.534s] -- Installing: /home/hesham/hexapod_ws/install/micro_ros_msgs/include/micro_ros_msgs/micro_ros_msgs/msg/detail/node__functions.c
[4.535s] -- Installing: /home/hesham/hexapod_ws/install/micro_ros_msgs/include/micro_ros_msgs/micro_ros_msgs/msg/detail/graph__type_support.h
[4.535s] -- Installing: /home/hesham/hexapod_ws/install/micro_ros_msgs/include/micro_ros_msgs/micro_ros_msgs/msg/detail/entity__functions.h
[4.535s] -- Installing: /home/hesham/hexapod_ws/install/micro_ros_msgs/include/micro_ros_msgs/micro_ros_msgs/msg/detail/graph__struct.h
[4.535s] -- Installing: /home/hesham/hexapod_ws/install/micro_ros_msgs/include/micro_ros_msgs/micro_ros_msgs/msg/detail/node__functions.h
[4.535s] -- Installing: /home/hesham/hexapod_ws/install/micro_ros_msgs/include/micro_ros_msgs/micro_ros_msgs/msg/detail/node__type_support.h
[4.535s] -- Installing: /home/hesham/hexapod_ws/install/micro_ros_msgs/include/micro_ros_msgs/micro_ros_msgs/msg/detail/entity__type_support.h
[4.535s] -- Installing: /home/hesham/hexapod_ws/install/micro_ros_msgs/include/micro_ros_msgs/micro_ros_msgs/msg/detail/entity__struct.h
[4.535s] -- Installing: /home/hesham/hexapod_ws/install/micro_ros_msgs/include/micro_ros_msgs/micro_ros_msgs/msg/detail/graph__functions.c
[4.536s] -- Installing: /home/hesham/hexapod_ws/install/micro_ros_msgs/include/micro_ros_msgs/micro_ros_msgs/msg/graph.h
[4.536s] -- Installing: /home/hesham/hexapod_ws/install/micro_ros_msgs/include/micro_ros_msgs/micro_ros_msgs/msg/node.h
[4.536s] -- Installing: /home/hesham/hexapod_ws/install/micro_ros_msgs/include/micro_ros_msgs/micro_ros_msgs/msg/rosidl_generator_c__visibility_control.h
[4.536s] -- Installing: /home/hesham/hexapod_ws/install/micro_ros_msgs/include/micro_ros_msgs/micro_ros_msgs/msg/entity.h
[4.536s] -- Installing: /home/hesham/hexapod_ws/install/micro_ros_msgs/share/micro_ros_msgs/environment/library_path.sh
[4.536s] -- Installing: /home/hesham/hexapod_ws/install/micro_ros_msgs/share/micro_ros_msgs/environment/library_path.dsv
[4.536s] -- Installing: /home/hesham/hexapod_ws/install/micro_ros_msgs/lib/libmicro_ros_msgs__rosidl_generator_c.so
[4.537s] -- Set runtime path of "/home/hesham/hexapod_ws/install/micro_ros_msgs/lib/libmicro_ros_msgs__rosidl_generator_c.so" to ""
[4.537s] -- Up-to-date: /home/hesham/hexapod_ws/install/micro_ros_msgs/include/micro_ros_msgs/micro_ros_msgs
[4.537s] -- Up-to-date: /home/hesham/hexapod_ws/install/micro_ros_msgs/include/micro_ros_msgs/micro_ros_msgs/msg
[4.537s] -- Up-to-date: /home/hesham/hexapod_ws/install/micro_ros_msgs/include/micro_ros_msgs/micro_ros_msgs/msg/detail
[4.537s] -- Installing: /home/hesham/hexapod_ws/install/micro_ros_msgs/include/micro_ros_msgs/micro_ros_msgs/msg/detail/graph__rosidl_typesupport_fastrtps_c.h
[4.537s] -- Installing: /home/hesham/hexapod_ws/install/micro_ros_msgs/include/micro_ros_msgs/micro_ros_msgs/msg/detail/node__rosidl_typesupport_fastrtps_c.h
[4.537s] -- Installing: /home/hesham/hexapod_ws/install/micro_ros_msgs/include/micro_ros_msgs/micro_ros_msgs/msg/detail/entity__rosidl_typesupport_fastrtps_c.h
[4.537s] -- Installing: /home/hesham/hexapod_ws/install/micro_ros_msgs/include/micro_ros_msgs/micro_ros_msgs/msg/rosidl_typesupport_fastrtps_c__visibility_control.h
[4.538s] -- Installing: /home/hesham/hexapod_ws/install/micro_ros_msgs/lib/libmicro_ros_msgs__rosidl_typesupport_fastrtps_c.so
[4.538s] -- Set runtime path of "/home/hesham/hexapod_ws/install/micro_ros_msgs/lib/libmicro_ros_msgs__rosidl_typesupport_fastrtps_c.so" to ""
[4.538s] -- Up-to-date: /home/hesham/hexapod_ws/install/micro_ros_msgs/include/micro_ros_msgs/micro_ros_msgs
[4.538s] -- Up-to-date: /home/hesham/hexapod_ws/install/micro_ros_msgs/include/micro_ros_msgs/micro_ros_msgs/msg
[4.538s] -- Up-to-date: /home/hesham/hexapod_ws/install/micro_ros_msgs/include/micro_ros_msgs/micro_ros_msgs/msg/detail
[4.538s] -- Installing: /home/hesham/hexapod_ws/install/micro_ros_msgs/include/micro_ros_msgs/micro_ros_msgs/msg/detail/node__rosidl_typesupport_introspection_c.h
[4.538s] -- Installing: /home/hesham/hexapod_ws/install/micro_ros_msgs/include/micro_ros_msgs/micro_ros_msgs/msg/detail/graph__rosidl_typesupport_introspection_c.h
[4.538s] -- Installing: /home/hesham/hexapod_ws/install/micro_ros_msgs/include/micro_ros_msgs/micro_ros_msgs/msg/detail/entity__rosidl_typesupport_introspection_c.h
[4.539s] -- Installing: /home/hesham/hexapod_ws/install/micro_ros_msgs/include/micro_ros_msgs/micro_ros_msgs/msg/detail/graph__type_support.c
[4.539s] -- Installing: /home/hesham/hexapod_ws/install/micro_ros_msgs/include/micro_ros_msgs/micro_ros_msgs/msg/detail/node__type_support.c
[4.539s] -- Installing: /home/hesham/hexapod_ws/install/micro_ros_msgs/include/micro_ros_msgs/micro_ros_msgs/msg/detail/entity__type_support.c
[4.539s] -- Installing: /home/hesham/hexapod_ws/install/micro_ros_msgs/include/micro_ros_msgs/micro_ros_msgs/msg/rosidl_typesupport_introspection_c__visibility_control.h
[4.539s] -- Installing: /home/hesham/hexapod_ws/install/micro_ros_msgs/lib/libmicro_ros_msgs__rosidl_typesupport_introspection_c.so
[4.539s] -- Set runtime path of "/home/hesham/hexapod_ws/install/micro_ros_msgs/lib/libmicro_ros_msgs__rosidl_typesupport_introspection_c.so" to ""
[4.540s] -- Installing: /home/hesham/hexapod_ws/install/micro_ros_msgs/lib/libmicro_ros_msgs__rosidl_typesupport_c.so
[4.540s] -- Set runtime path of "/home/hesham/hexapod_ws/install/micro_ros_msgs/lib/libmicro_ros_msgs__rosidl_typesupport_c.so" to ""
[4.540s] -- Up-to-date: /home/hesham/hexapod_ws/install/micro_ros_msgs/include/micro_ros_msgs/micro_ros_msgs
[4.540s] -- Up-to-date: /home/hesham/hexapod_ws/install/micro_ros_msgs/include/micro_ros_msgs/micro_ros_msgs/msg
[4.540s] -- Up-to-date: /home/hesham/hexapod_ws/install/micro_ros_msgs/include/micro_ros_msgs/micro_ros_msgs/msg/detail
[4.540s] -- Installing: /home/hesham/hexapod_ws/install/micro_ros_msgs/include/micro_ros_msgs/micro_ros_msgs/msg/detail/entity__type_support.hpp
[4.540s] -- Installing: /home/hesham/hexapod_ws/install/micro_ros_msgs/include/micro_ros_msgs/micro_ros_msgs/msg/detail/graph__struct.hpp
[4.541s] -- Installing: /home/hesham/hexapod_ws/install/micro_ros_msgs/include/micro_ros_msgs/micro_ros_msgs/msg/detail/graph__traits.hpp
[4.541s] -- Installing: /home/hesham/hexapod_ws/install/micro_ros_msgs/include/micro_ros_msgs/micro_ros_msgs/msg/detail/node__struct.hpp
[4.541s] -- Installing: /home/hesham/hexapod_ws/install/micro_ros_msgs/include/micro_ros_msgs/micro_ros_msgs/msg/detail/graph__type_support.hpp
[4.541s] -- Installing: /home/hesham/hexapod_ws/install/micro_ros_msgs/include/micro_ros_msgs/micro_ros_msgs/msg/detail/entity__struct.hpp
[4.541s] -- Installing: /home/hesham/hexapod_ws/install/micro_ros_msgs/include/micro_ros_msgs/micro_ros_msgs/msg/detail/graph__builder.hpp
[4.541s] -- Installing: /home/hesham/hexapod_ws/install/micro_ros_msgs/include/micro_ros_msgs/micro_ros_msgs/msg/detail/node__type_support.hpp
[4.541s] -- Installing: /home/hesham/hexapod_ws/install/micro_ros_msgs/include/micro_ros_msgs/micro_ros_msgs/msg/detail/node__traits.hpp
[4.541s] -- Installing: /home/hesham/hexapod_ws/install/micro_ros_msgs/include/micro_ros_msgs/micro_ros_msgs/msg/detail/entity__traits.hpp
[4.541s] -- Installing: /home/hesham/hexapod_ws/install/micro_ros_msgs/include/micro_ros_msgs/micro_ros_msgs/msg/detail/entity__builder.hpp
[4.541s] -- Installing: /home/hesham/hexapod_ws/install/micro_ros_msgs/include/micro_ros_msgs/micro_ros_msgs/msg/detail/node__builder.hpp
[4.542s] -- Installing: /home/hesham/hexapod_ws/install/micro_ros_msgs/include/micro_ros_msgs/micro_ros_msgs/msg/entity.hpp
[4.542s] -- Installing: /home/hesham/hexapod_ws/install/micro_ros_msgs/include/micro_ros_msgs/micro_ros_msgs/msg/node.hpp
[4.542s] -- Installing: /home/hesham/hexapod_ws/install/micro_ros_msgs/include/micro_ros_msgs/micro_ros_msgs/msg/graph.hpp
[4.542s] -- Installing: /home/hesham/hexapod_ws/install/micro_ros_msgs/include/micro_ros_msgs/micro_ros_msgs/msg/rosidl_generator_cpp__visibility_control.hpp
[4.542s] -- Up-to-date: /home/hesham/hexapod_ws/install/micro_ros_msgs/include/micro_ros_msgs/micro_ros_msgs
[4.542s] -- Up-to-date: /home/hesham/hexapod_ws/install/micro_ros_msgs/include/micro_ros_msgs/micro_ros_msgs/msg
[4.542s] -- Up-to-date: /home/hesham/hexapod_ws/install/micro_ros_msgs/include/micro_ros_msgs/micro_ros_msgs/msg/detail
[4.542s] -- Installing: /home/hesham/hexapod_ws/install/micro_ros_msgs/include/micro_ros_msgs/micro_ros_msgs/msg/detail/dds_fastrtps
[4.542s] -- Installing: /home/hesham/hexapod_ws/install/micro_ros_msgs/include/micro_ros_msgs/micro_ros_msgs/msg/detail/node__rosidl_typesupport_fastrtps_cpp.hpp
[4.542s] -- Installing: /home/hesham/hexapod_ws/install/micro_ros_msgs/include/micro_ros_msgs/micro_ros_msgs/msg/detail/graph__rosidl_typesupport_fastrtps_cpp.hpp
[4.542s] -- Installing: /home/hesham/hexapod_ws/install/micro_ros_msgs/include/micro_ros_msgs/micro_ros_msgs/msg/detail/entity__rosidl_typesupport_fastrtps_cpp.hpp
[4.543s] -- Installing: /home/hesham/hexapod_ws/install/micro_ros_msgs/include/micro_ros_msgs/micro_ros_msgs/msg/rosidl_typesupport_fastrtps_cpp__visibility_control.h
[4.543s] -- Installing: /home/hesham/hexapod_ws/install/micro_ros_msgs/lib/libmicro_ros_msgs__rosidl_typesupport_fastrtps_cpp.so
[4.543s] -- Set runtime path of "/home/hesham/hexapod_ws/install/micro_ros_msgs/lib/libmicro_ros_msgs__rosidl_typesupport_fastrtps_cpp.so" to ""
[4.544s] -- Up-to-date: /home/hesham/hexapod_ws/install/micro_ros_msgs/include/micro_ros_msgs/micro_ros_msgs
[4.544s] -- Up-to-date: /home/hesham/hexapod_ws/install/micro_ros_msgs/include/micro_ros_msgs/micro_ros_msgs/msg
[4.544s] -- Up-to-date: /home/hesham/hexapod_ws/install/micro_ros_msgs/include/micro_ros_msgs/micro_ros_msgs/msg/detail
[4.544s] -- Installing: /home/hesham/hexapod_ws/install/micro_ros_msgs/include/micro_ros_msgs/micro_ros_msgs/msg/detail/node__type_support.cpp
[4.544s] -- Installing: /home/hesham/hexapod_ws/install/micro_ros_msgs/include/micro_ros_msgs/micro_ros_msgs/msg/detail/graph__rosidl_typesupport_introspection_cpp.hpp
[4.544s] -- Installing: /home/hesham/hexapod_ws/install/micro_ros_msgs/include/micro_ros_msgs/micro_ros_msgs/msg/detail/entity__rosidl_typesupport_introspection_cpp.hpp
[4.544s] -- Installing: /home/hesham/hexapod_ws/install/micro_ros_msgs/include/micro_ros_msgs/micro_ros_msgs/msg/detail/graph__type_support.cpp
[4.544s] -- Installing: /home/hesham/hexapod_ws/install/micro_ros_msgs/include/micro_ros_msgs/micro_ros_msgs/msg/detail/node__rosidl_typesupport_introspection_cpp.hpp
[4.544s] -- Installing: /home/hesham/hexapod_ws/install/micro_ros_msgs/include/micro_ros_msgs/micro_ros_msgs/msg/detail/entity__type_support.cpp
[4.544s] -- Installing: /home/hesham/hexapod_ws/install/micro_ros_msgs/lib/libmicro_ros_msgs__rosidl_typesupport_introspection_cpp.so
[4.545s] -- Set runtime path of "/home/hesham/hexapod_ws/install/micro_ros_msgs/lib/libmicro_ros_msgs__rosidl_typesupport_introspection_cpp.so" to ""
[4.545s] -- Installing: /home/hesham/hexapod_ws/install/micro_ros_msgs/lib/libmicro_ros_msgs__rosidl_typesupport_cpp.so
[4.545s] -- Set runtime path of "/home/hesham/hexapod_ws/install/micro_ros_msgs/lib/libmicro_ros_msgs__rosidl_typesupport_cpp.so" to ""
[4.546s] -- Installing: /home/hesham/hexapod_ws/install/micro_ros_msgs/share/micro_ros_msgs/environment/pythonpath.sh
[4.546s] -- Installing: /home/hesham/hexapod_ws/install/micro_ros_msgs/share/micro_ros_msgs/environment/pythonpath.dsv
[4.546s] -- Installing: /home/hesham/hexapod_ws/install/micro_ros_msgs/local/lib/python3.10/dist-packages/micro_ros_msgs-3.0.1-py3.10.egg-info
[4.546s] -- Installing: /home/hesham/hexapod_ws/install/micro_ros_msgs/local/lib/python3.10/dist-packages/micro_ros_msgs-3.0.1-py3.10.egg-info/PKG-INFO
[4.546s] -- Installing: /home/hesham/hexapod_ws/install/micro_ros_msgs/local/lib/python3.10/dist-packages/micro_ros_msgs-3.0.1-py3.10.egg-info/SOURCES.txt
[4.546s] -- Installing: /home/hesham/hexapod_ws/install/micro_ros_msgs/local/lib/python3.10/dist-packages/micro_ros_msgs-3.0.1-py3.10.egg-info/top_level.txt
[4.546s] -- Installing: /home/hesham/hexapod_ws/install/micro_ros_msgs/local/lib/python3.10/dist-packages/micro_ros_msgs-3.0.1-py3.10.egg-info/dependency_links.txt
[4.546s] -- Installing: /home/hesham/hexapod_ws/install/micro_ros_msgs/local/lib/python3.10/dist-packages/micro_ros_msgs
[4.547s] -- Installing: /home/hesham/hexapod_ws/install/micro_ros_msgs/local/lib/python3.10/dist-packages/micro_ros_msgs/_micro_ros_msgs_s.ep.rosidl_typesupport_introspection_c.c
[4.547s] -- Installing: /home/hesham/hexapod_ws/install/micro_ros_msgs/local/lib/python3.10/dist-packages/micro_ros_msgs/_micro_ros_msgs_s.ep.rosidl_typesupport_fastrtps_c.c
[4.547s] -- Installing: /home/hesham/hexapod_ws/install/micro_ros_msgs/local/lib/python3.10/dist-packages/micro_ros_msgs/libmicro_ros_msgs__rosidl_generator_py.so
[4.547s] -- Installing: /home/hesham/hexapod_ws/install/micro_ros_msgs/local/lib/python3.10/dist-packages/micro_ros_msgs/micro_ros_msgs_s__rosidl_typesupport_introspection_c.cpython-310-x86_64-linux-gnu.so
[4.547s] -- Installing: /home/hesham/hexapod_ws/install/micro_ros_msgs/local/lib/python3.10/dist-packages/micro_ros_msgs/__init__.py
[4.547s] -- Installing: /home/hesham/hexapod_ws/install/micro_ros_msgs/local/lib/python3.10/dist-packages/micro_ros_msgs/micro_ros_msgs_s__rosidl_typesupport_c.cpython-310-x86_64-linux-gnu.so
[4.547s] -- Installing: /home/hesham/hexapod_ws/install/micro_ros_msgs/local/lib/python3.10/dist-packages/micro_ros_msgs/_micro_ros_msgs_s.ep.rosidl_typesupport_c.c
[4.548s] -- Installing: /home/hesham/hexapod_ws/install/micro_ros_msgs/local/lib/python3.10/dist-packages/micro_ros_msgs/msg
[4.548s] -- Installing: /home/hesham/hexapod_ws/install/micro_ros_msgs/local/lib/python3.10/dist-packages/micro_ros_msgs/msg/_graph.py
[4.548s] -- Installing: /home/hesham/hexapod_ws/install/micro_ros_msgs/local/lib/python3.10/dist-packages/micro_ros_msgs/msg/_graph_s.c
[4.548s] -- Installing: /home/hesham/hexapod_ws/install/micro_ros_msgs/local/lib/python3.10/dist-packages/micro_ros_msgs/msg/_node.py
[4.548s] -- Installing: /home/hesham/hexapod_ws/install/micro_ros_msgs/local/lib/python3.10/dist-packages/micro_ros_msgs/msg/_entity.py
[4.548s] -- Installing: /home/hesham/hexapod_ws/install/micro_ros_msgs/local/lib/python3.10/dist-packages/micro_ros_msgs/msg/__init__.py
[4.548s] -- Installing: /home/hesham/hexapod_ws/install/micro_ros_msgs/local/lib/python3.10/dist-packages/micro_ros_msgs/msg/_entity_s.c
[4.548s] -- Installing: /home/hesham/hexapod_ws/install/micro_ros_msgs/local/lib/python3.10/dist-packages/micro_ros_msgs/msg/_node_s.c
[4.548s] -- Installing: /home/hesham/hexapod_ws/install/micro_ros_msgs/local/lib/python3.10/dist-packages/micro_ros_msgs/micro_ros_msgs_s__rosidl_typesupport_fastrtps_c.cpython-310-x86_64-linux-gnu.so
[4.582s] Listing '/home/hesham/hexapod_ws/install/micro_ros_msgs/local/lib/python3.10/dist-packages/micro_ros_msgs'...
[4.582s] Compiling '/home/hesham/hexapod_ws/install/micro_ros_msgs/local/lib/python3.10/dist-packages/micro_ros_msgs/__init__.py'...
[4.583s] Listing '/home/hesham/hexapod_ws/install/micro_ros_msgs/local/lib/python3.10/dist-packages/micro_ros_msgs/msg'...
[4.583s] Compiling '/home/hesham/hexapod_ws/install/micro_ros_msgs/local/lib/python3.10/dist-packages/micro_ros_msgs/msg/__init__.py'...
[4.583s] Compiling '/home/hesham/hexapod_ws/install/micro_ros_msgs/local/lib/python3.10/dist-packages/micro_ros_msgs/msg/_entity.py'...
[4.583s] Compiling '/home/hesham/hexapod_ws/install/micro_ros_msgs/local/lib/python3.10/dist-packages/micro_ros_msgs/msg/_graph.py'...
[4.583s] Compiling '/home/hesham/hexapod_ws/install/micro_ros_msgs/local/lib/python3.10/dist-packages/micro_ros_msgs/msg/_node.py'...
[4.587s] -- Installing: /home/hesham/hexapod_ws/install/micro_ros_msgs/local/lib/python3.10/dist-packages/micro_ros_msgs/micro_ros_msgs_s__rosidl_typesupport_fastrtps_c.cpython-310-x86_64-linux-gnu.so
[4.588s] -- Set runtime path of "/home/hesham/hexapod_ws/install/micro_ros_msgs/local/lib/python3.10/dist-packages/micro_ros_msgs/micro_ros_msgs_s__rosidl_typesupport_fastrtps_c.cpython-310-x86_64-linux-gnu.so" to ""
[4.588s] -- Installing: /home/hesham/hexapod_ws/install/micro_ros_msgs/local/lib/python3.10/dist-packages/micro_ros_msgs/micro_ros_msgs_s__rosidl_typesupport_introspection_c.cpython-310-x86_64-linux-gnu.so
[4.589s] -- Set runtime path of "/home/hesham/hexapod_ws/install/micro_ros_msgs/local/lib/python3.10/dist-packages/micro_ros_msgs/micro_ros_msgs_s__rosidl_typesupport_introspection_c.cpython-310-x86_64-linux-gnu.so" to ""
[4.589s] -- Installing: /home/hesham/hexapod_ws/install/micro_ros_msgs/local/lib/python3.10/dist-packages/micro_ros_msgs/micro_ros_msgs_s__rosidl_typesupport_c.cpython-310-x86_64-linux-gnu.so
[4.589s] -- Set runtime path of "/home/hesham/hexapod_ws/install/micro_ros_msgs/local/lib/python3.10/dist-packages/micro_ros_msgs/micro_ros_msgs_s__rosidl_typesupport_c.cpython-310-x86_64-linux-gnu.so" to ""
[4.589s] -- Installing: /home/hesham/hexapod_ws/install/micro_ros_msgs/lib/libmicro_ros_msgs__rosidl_generator_py.so
[4.590s] -- Set runtime path of "/home/hesham/hexapod_ws/install/micro_ros_msgs/lib/libmicro_ros_msgs__rosidl_generator_py.so" to ""
[4.590s] -- Installing: /home/hesham/hexapod_ws/install/micro_ros_msgs/share/micro_ros_msgs/msg/Graph.idl
[4.590s] -- Installing: /home/hesham/hexapod_ws/install/micro_ros_msgs/share/micro_ros_msgs/msg/Node.idl
[4.590s] -- Installing: /home/hesham/hexapod_ws/install/micro_ros_msgs/share/micro_ros_msgs/msg/Entity.idl
[4.590s] -- Installing: /home/hesham/hexapod_ws/install/micro_ros_msgs/share/micro_ros_msgs/msg/Graph.msg
[4.591s] -- Installing: /home/hesham/hexapod_ws/install/micro_ros_msgs/share/micro_ros_msgs/msg/Node.msg
[4.591s] -- Installing: /home/hesham/hexapod_ws/install/micro_ros_msgs/share/micro_ros_msgs/msg/Entity.msg
[4.591s] -- Installing: /home/hesham/hexapod_ws/install/micro_ros_msgs/share/ament_index/resource_index/package_run_dependencies/micro_ros_msgs
[4.591s] -- Installing: /home/hesham/hexapod_ws/install/micro_ros_msgs/share/ament_index/resource_index/parent_prefix_path/micro_ros_msgs
[4.591s] -- Installing: /home/hesham/hexapod_ws/install/micro_ros_msgs/share/micro_ros_msgs/environment/ament_prefix_path.sh
[4.592s] -- Installing: /home/hesham/hexapod_ws/install/micro_ros_msgs/share/micro_ros_msgs/environment/ament_prefix_path.dsv
[4.592s] -- Installing: /home/hesham/hexapod_ws/install/micro_ros_msgs/share/micro_ros_msgs/environment/path.sh
[4.592s] -- Installing: /home/hesham/hexapod_ws/install/micro_ros_msgs/share/micro_ros_msgs/environment/path.dsv
[4.592s] -- Installing: /home/hesham/hexapod_ws/install/micro_ros_msgs/share/micro_ros_msgs/local_setup.bash
[4.592s] -- Installing: /home/hesham/hexapod_ws/install/micro_ros_msgs/share/micro_ros_msgs/local_setup.sh
[4.592s] -- Installing: /home/hesham/hexapod_ws/install/micro_ros_msgs/share/micro_ros_msgs/local_setup.zsh
[4.592s] -- Installing: /home/hesham/hexapod_ws/install/micro_ros_msgs/share/micro_ros_msgs/local_setup.dsv
[4.593s] -- Installing: /home/hesham/hexapod_ws/install/micro_ros_msgs/share/micro_ros_msgs/package.dsv
[4.593s] -- Installing: /home/hesham/hexapod_ws/install/micro_ros_msgs/share/ament_index/resource_index/packages/micro_ros_msgs
[4.593s] -- Installing: /home/hesham/hexapod_ws/install/micro_ros_msgs/share/micro_ros_msgs/cmake/export_micro_ros_msgs__rosidl_generator_cExport.cmake
[4.593s] -- Installing: /home/hesham/hexapod_ws/install/micro_ros_msgs/share/micro_ros_msgs/cmake/export_micro_ros_msgs__rosidl_generator_cExport-noconfig.cmake
[4.593s] -- Installing: /home/hesham/hexapod_ws/install/micro_ros_msgs/share/micro_ros_msgs/cmake/export_micro_ros_msgs__rosidl_typesupport_fastrtps_cExport.cmake
[4.594s] -- Installing: /home/hesham/hexapod_ws/install/micro_ros_msgs/share/micro_ros_msgs/cmake/export_micro_ros_msgs__rosidl_typesupport_fastrtps_cExport-noconfig.cmake
[4.594s] -- Installing: /home/hesham/hexapod_ws/install/micro_ros_msgs/share/micro_ros_msgs/cmake/micro_ros_msgs__rosidl_typesupport_introspection_cExport.cmake
[4.594s] -- Installing: /home/hesham/hexapod_ws/install/micro_ros_msgs/share/micro_ros_msgs/cmake/micro_ros_msgs__rosidl_typesupport_introspection_cExport-noconfig.cmake
[4.594s] -- Installing: /home/hesham/hexapod_ws/install/micro_ros_msgs/share/micro_ros_msgs/cmake/micro_ros_msgs__rosidl_typesupport_cExport.cmake
[4.594s] -- Installing: /home/hesham/hexapod_ws/install/micro_ros_msgs/share/micro_ros_msgs/cmake/micro_ros_msgs__rosidl_typesupport_cExport-noconfig.cmake
[4.594s] -- Installing: /home/hesham/hexapod_ws/install/micro_ros_msgs/share/micro_ros_msgs/cmake/export_micro_ros_msgs__rosidl_generator_cppExport.cmake
[4.595s] -- Installing: /home/hesham/hexapod_ws/install/micro_ros_msgs/share/micro_ros_msgs/cmake/export_micro_ros_msgs__rosidl_typesupport_fastrtps_cppExport.cmake
[4.595s] -- Installing: /home/hesham/hexapod_ws/install/micro_ros_msgs/share/micro_ros_msgs/cmake/export_micro_ros_msgs__rosidl_typesupport_fastrtps_cppExport-noconfig.cmake
[4.595s] -- Installing: /home/hesham/hexapod_ws/install/micro_ros_msgs/share/micro_ros_msgs/cmake/micro_ros_msgs__rosidl_typesupport_introspection_cppExport.cmake
[4.595s] -- Installing: /home/hesham/hexapod_ws/install/micro_ros_msgs/share/micro_ros_msgs/cmake/micro_ros_msgs__rosidl_typesupport_introspection_cppExport-noconfig.cmake
[4.595s] -- Installing: /home/hesham/hexapod_ws/install/micro_ros_msgs/share/micro_ros_msgs/cmake/micro_ros_msgs__rosidl_typesupport_cppExport.cmake
[4.595s] -- Installing: /home/hesham/hexapod_ws/install/micro_ros_msgs/share/micro_ros_msgs/cmake/micro_ros_msgs__rosidl_typesupport_cppExport-noconfig.cmake
[4.596s] -- Installing: /home/hesham/hexapod_ws/install/micro_ros_msgs/share/micro_ros_msgs/cmake/export_micro_ros_msgs__rosidl_generator_pyExport.cmake
[4.596s] -- Installing: /home/hesham/hexapod_ws/install/micro_ros_msgs/share/micro_ros_msgs/cmake/export_micro_ros_msgs__rosidl_generator_pyExport-noconfig.cmake
[4.596s] -- Installing: /home/hesham/hexapod_ws/install/micro_ros_msgs/share/micro_ros_msgs/cmake/rosidl_cmake-extras.cmake
[4.596s] -- Installing: /home/hesham/hexapod_ws/install/micro_ros_msgs/share/micro_ros_msgs/cmake/ament_cmake_export_include_directories-extras.cmake
[4.596s] -- Installing: /home/hesham/hexapod_ws/install/micro_ros_msgs/share/micro_ros_msgs/cmake/ament_cmake_export_libraries-extras.cmake
[4.596s] -- Installing: /home/hesham/hexapod_ws/install/micro_ros_msgs/share/micro_ros_msgs/cmake/ament_cmake_export_targets-extras.cmake
[4.597s] -- Installing: /home/hesham/hexapod_ws/install/micro_ros_msgs/share/micro_ros_msgs/cmake/rosidl_cmake_export_typesupport_targets-extras.cmake
[4.597s] -- Installing: /home/hesham/hexapod_ws/install/micro_ros_msgs/share/micro_ros_msgs/cmake/ament_cmake_export_dependencies-extras.cmake
[4.597s] -- Installing: /home/hesham/hexapod_ws/install/micro_ros_msgs/share/micro_ros_msgs/cmake/rosidl_cmake_export_typesupport_libraries-extras.cmake
[4.597s] -- Installing: /home/hesham/hexapod_ws/install/micro_ros_msgs/share/micro_ros_msgs/cmake/micro_ros_msgsConfig.cmake
[4.597s] -- Installing: /home/hesham/hexapod_ws/install/micro_ros_msgs/share/micro_ros_msgs/cmake/micro_ros_msgsConfig-version.cmake
[4.597s] -- Installing: /home/hesham/hexapod_ws/install/micro_ros_msgs/share/micro_ros_msgs/package.xml
[4.600s] Invoked command in '/home/hesham/hexapod_ws/build/micro_ros_msgs' returned '0': CMAKE_PREFIX_PATH=${CMAKE_PREFIX_PATH}:/opt/ros/humble /usr/bin/cmake --install /home/hesham/hexapod_ws/build/micro_ros_msgs
