[0.011s] Invoking command in '/home/hesham/hexapod_ws/build/hexabot_msgs': CMAKE_PREFIX_PATH=${CMAKE_PREFIX_PATH}:/opt/ros/humble /usr/bin/cmake /home/hesham/hexapod_ws/src/hexabot_msgs -DCMAKE_INSTALL_PREFIX=/home/hesham/hexapod_ws/install/hexabot_msgs
[0.116s] -- The C compiler identification is GNU 11.4.0
[0.221s] -- The CXX compiler identification is GNU 11.4.0
[0.230s] -- Detecting C compiler ABI info
[0.302s] -- Detecting C compiler ABI info - done
[0.309s] -- Check for working C compiler: /usr/bin/cc - skipped
[0.309s] -- Detecting C compile features
[0.310s] -- Detecting C compile features - done
[0.313s] -- Detecting CXX compiler ABI info
[0.394s] -- Detecting CXX compiler ABI info - done
[0.401s] -- Check for working CXX compiler: /usr/bin/c++ - skipped
[0.402s] -- Detecting CXX compile features
[0.402s] -- Detecting CXX compile features - done
[0.406s] -- Found ament_cmake: 1.3.11 (/opt/ros/humble/share/ament_cmake/cmake)
[0.549s] -- Found Python3: /usr/bin/python3 (found version "3.10.12") found components: Interpreter 
[0.643s] -- Found rosidl_default_generators: 1.2.0 (/opt/ros/humble/share/rosidl_default_generators/cmake)
[0.647s] -- Using all available rosidl_typesupport_c: rosidl_typesupport_fastrtps_c;rosidl_typesupport_introspection_c
[0.655s] -- Found rosidl_adapter: 3.1.6 (/opt/ros/humble/share/rosidl_adapter/cmake)
[0.701s] -- Using all available rosidl_typesupport_cpp: rosidl_typesupport_fastrtps_cpp;rosidl_typesupport_introspection_cpp
[0.891s] [31mCMake Error at /opt/ros/humble/share/rosidl_adapter/cmake/rosidl_adapt_interfaces.cmake:59 (message):
[0.891s]   execute_process(/usr/bin/python3 -m rosidl_adapter --package-name
[0.891s]   hexabot_msgs --arguments-file
[0.891s]   /home/hesham/hexapod_ws/build/hexabot_msgs/rosidl_adapter__arguments__hexabot_msgs.json
[0.891s]   --output-dir
[0.891s]   /home/hesham/hexapod_ws/build/hexabot_msgs/rosidl_adapter/hexabot_msgs
[0.891s]   --output-file
[0.892s]   /home/hesham/hexapod_ws/build/hexabot_msgs/rosidl_adapter/hexabot_msgs.idls)
[0.892s]   returned error code 1:
[0.892s] 
[0.892s]   Traceback (most recent call last):
[0.892s] 
[0.892s]     File "/usr/lib/python3.10/runpy.py", line 196, in _run_module_as_main
[0.892s]       return _run_code(code, main_globals, None,
[0.892s]     File "/usr/lib/python3.10/runpy.py", line 86, in _run_code
[0.892s]       exec(code, run_globals)
[0.892s]     File "/opt/ros/humble/local/lib/python3.10/dist-packages/rosidl_adapter/__main__.py", line 19, in <module>
[0.892s]       sys.exit(main())
[0.892s]     File "/opt/ros/humble/local/lib/python3.10/dist-packages/rosidl_adapter/main.py", line 53, in main
[0.892s]       abs_idl_file = convert_to_idl(
[0.892s]     File "/opt/ros/humble/local/lib/python3.10/dist-packages/rosidl_adapter/__init__.py", line 19, in convert_to_idl
[0.892s]       return convert_msg_to_idl(
[0.892s]     File "/opt/ros/humble/local/lib/python3.10/dist-packages/rosidl_adapter/msg/__init__.py", line 28, in convert_msg_to_idl
[0.892s]       msg = parse_message_string(package_name, input_file.stem, content)
[0.892s]     File "/opt/ros/humble/local/lib/python3.10/dist-packages/rosidl_adapter/parser.py", line 544, in parse_message_string
[0.892s]       msg = MessageSpecification(pkg_name, msg_name, fields, constants)
[0.892s]     File "/opt/ros/humble/local/lib/python3.10/dist-packages/rosidl_adapter/parser.py", line 388, in __init__
[0.893s]       self.base_type = BaseType(
[0.893s]     File "/opt/ros/humble/local/lib/python3.10/dist-packages/rosidl_adapter/parser.py", line 205, in __init__
[0.893s]       raise InvalidResourceName(
[0.893s] 
[0.893s]   rosidl_adapter.parser.InvalidResourceName: 'actuator_positions' is an
[0.893s]   invalid message name.  It should have the pattern '^[A-Z][A-Za-z0-9]*$'
[0.893s] 
[0.893s] Call Stack (most recent call first):
[0.893s]   /opt/ros/humble/share/rosidl_cmake/cmake/rosidl_generate_interfaces.cmake:130 (rosidl_adapt_interfaces)
[0.893s]   CMakeLists.txt:14 (rosidl_generate_interfaces)
[0.893s] 
[0.893s] [0m
[0.893s] -- Configuring incomplete, errors occurred!
[0.893s] See also "/home/hesham/hexapod_ws/build/hexabot_msgs/CMakeFiles/CMakeOutput.log".
[0.897s] Invoked command in '/home/hesham/hexapod_ws/build/hexabot_msgs' returned '1': CMAKE_PREFIX_PATH=${CMAKE_PREFIX_PATH}:/opt/ros/humble /usr/bin/cmake /home/hesham/hexapod_ws/src/hexabot_msgs -DCMAKE_INSTALL_PREFIX=/home/hesham/hexapod_ws/install/hexabot_msgs
